#
# A fatal error has been detected by the Java Runtime Environment:
#
#  SIGSEGV (0xb) at pc=0x00007f4ad76f5d10, pid=8542, tid=139958727849728
#
# JRE version: OpenJDK Runtime Environment (7.0_101) (build 1.7.0_101-b00)
# Java VM: OpenJDK 64-Bit Server VM (24.95-b01 mixed mode linux-amd64 compressed oops)
# Derivative: IcedTea 2.6.6
# Distribution: Ubuntu 14.04 LTS, package 7u101-2.6.6-0ubuntu0.14.04.1
# Problematic frame:
# V  [libjvm.so+0x645d10]
#
# Failed to write core dump. Core dumps have been disabled. To enable core dumping, try "ulimit -c unlimited" before starting Java again
#
# If you would like to submit a bug report, please include
# instructions on how to reproduce the bug and visit:
#   http://icedtea.classpath.org/bugzilla
#

---------------  T H R E A D  ---------------

Current thread (0x00007f4ad00d3000):  JavaThread "JDWP Transport Listener: dt_socket" daemon [_thread_in_vm, id=8563, stack(0x00007f4aae31b000,0x00007f4aae41c000)]

siginfo:si_signo=SIGSEGV: si_errno=0, si_code=128 (), si_addr=0x0000000000000000

Registers:
RAX=0x0000000000000063, RBX=0x00007f4ad00117a0, RCX=0x00007f4ad82f3320, RDX=0x0000000000000001
RSP=0x00007f4aae41a9d0, RBP=0x00007f4aae41aa30, RSI=0x00007f4ad00d3000, RDI=0x00007f4ad00117a0
R8 =0x0000000000000000, R9 =0x00007f4a900067a0, R10=0x00007f4ad0208b71, R11=0x00007f4ad8674360
R12=0x647055646c656946, R13=0x00007f4aae41aa97, R14=0x00007f4ad00d3000, R15=0x00007f4aae41a9e0
RIP=0x00007f4ad76f5d10, EFLAGS=0x0000000000010202, CSGSFS=0x0000000000000033, ERR=0x0000000000000000
  TRAPNO=0x000000000000000d

Top of Stack: (sp=0x00007f4aae41a9d0)
0x00007f4aae41a9d0:   00007f4ad7ea59ac 00007f4ad7743206
0x00007f4aae41a9e0:   00007f4ad00d3000 0000000000000000
0x00007f4aae41a9f0:   00007f4a00000000 0000000000000000
0x00007f4aae41aa00:   00007f4aae41ab80 00007f4aae41aa97
0x00007f4aae41aa10:   00007f4ad6247f00 647055646c656946
0x00007f4aae41aa20:   00007f4aae41aa97 00007f4aae41aa9c
0x00007f4aae41aa30:   00007f4aae41aa60 00007f4ad6033aa9
0x00007f4aae41aa40:   00007f4aae41aa60 0000000000000025
0x00007f4aae41aa50:   00007f4aae41ab80 647055646c656946
0x00007f4aae41aa60:   00007f4aae41aaf0 00007f4ad60145f8
0x00007f4aae41aa70:   00007f4aae41aab0 00007f4aae41aab0
0x00007f4aae41aa80:   00007f4aae41aab8 00000001d60194c9
0x00007f4aae41aa90:   00007f4aae41ab50 0000000900000026
0x00007f4aae41aaa0:   00007f4a90006120 0000000000000000
0x00007f4aae41aab0:   0000000000000000 0000000000000000
0x00007f4aae41aac0:   00007f4aae41ab50 00000000000f0200
0x00007f4aae41aad0:   00007f4aae41ab50 0000000000000002
0x00007f4aae41aae0:   00007f4aae41ab80 00007f4ad6247f00
0x00007f4aae41aaf0:   00007f4aae41ad40 00007f4ad601e688
0x00007f4aae41ab00:   00003b3000000013 00007f4a900f0200
0x00007f4aae41ab10:   00007f4a88000fb0 00007f4ad76aac5c
0x00007f4aae41ab20:   00007f4ad00d52b0 00007f4a8800080f
0x00007f4aae41ab30:   00003b3000000013 00007f4a900f0200
0x00007f4aae41ab40:   00007f4a88000fb0 00007f4ad00ca3e8
0x00007f4aae41ab50:   00007f4a88000fb8 000000000000000b
0x00007f4aae41ab60:   00003b3000000013 00007f4a900f0200
0x00007f4aae41ab70:   00007f4a88000fb0 00007f4a90006540
0x00007f4aae41ab80:   00007f4a900084ce 00000000000010d2
0x00007f4aae41ab90:   00007f4a900068b0 00007f4a0000012c
0x00007f4aae41aba0:   00007f4aae41abd0 00007f4a90006260
0x00007f4aae41abb0:   00007f0000000000 00003b300000001c
0x00007f4aae41abc0:   00007f4a0000ac80 00007f4aae41abd0 

Instructions: (pc=0x00007f4ad76f5d10)
0x00007f4ad76f5cf0:   48 c1 e8 04 23 02 48 8d 15 63 b2 7a 00 48 03 02
0x00007f4ad76f5d00:   c7 00 01 00 00 00 e9 a6 fe ff ff 4d 85 e4 74 3b
0x00007f4ad76f5d10:   4d 8b 24 24 48 b8 fe fe fe fe fe fe fe fe 49 39
0x00007f4ad76f5d20:   c4 74 28 4d 85 e4 74 23 48 8d 05 a4 59 7a 00 80 

Register to memory mapping:

RAX=0x0000000000000063 is an unknown value
RBX=0x00007f4ad00117a0 is an unknown value
RCX=0x00007f4ad82f3320: <offset 0x219320> in /lib/x86_64-linux-gnu/libpthread.so.0 at 0x00007f4ad80da000
RDX=0x0000000000000001 is an unknown value
RSP=0x00007f4aae41a9d0 is pointing into the stack for thread: 0x00007f4ad00d3000
RBP=0x00007f4aae41aa30 is pointing into the stack for thread: 0x00007f4ad00d3000
RSI=0x00007f4ad00d3000 is a thread
RDI=0x00007f4ad00117a0 is an unknown value
R8 =0x0000000000000000 is an unknown value
R9 =0x00007f4a900067a0 is an unknown value
R10=0x00007f4ad0208b71 is an unknown value
R11=0x00007f4ad8674360: <offset 0x178360> in /lib/x86_64-linux-gnu/libc.so.6 at 0x00007f4ad84fc000
R12=0x647055646c656946 is an unknown value
R13=0x00007f4aae41aa97 is pointing into the stack for thread: 0x00007f4ad00d3000
R14=0x00007f4ad00d3000 is a thread
R15=0x00007f4aae41a9e0 is pointing into the stack for thread: 0x00007f4ad00d3000


Stack: [0x00007f4aae31b000,0x00007f4aae41c000],  sp=0x00007f4aae41a9d0,  free space=1022k
Native frames: (J=compiled Java code, j=interpreted, Vv=VM code, C=native code)
V  [libjvm.so+0x645d10]
C  [libjdwp.so+0x26aa9]
C  [libjdwp.so+0x75f8]
C  [libjdwp.so+0x11688]
C  [libjdwp.so+0x23785]
V  [libjvm.so+0x6b223b]
V  [libjvm.so+0x9085f0]
V  [libjvm.so+0x908861]
V  [libjvm.so+0x7cdb62]


---------------  P R O C E S S  ---------------

Java Threads: ( => current thread )
  0x00007f4ad00de000 JavaThread "Service Thread" daemon [_thread_blocked, id=8575, stack(0x00007f4aade16000,0x00007f4aadf17000)]
  0x00007f4ad00dc000 JavaThread "C2 CompilerThread1" daemon [_thread_blocked, id=8574, stack(0x00007f4aadf17000,0x00007f4aae018000)]
  0x00007f4ad00d9000 JavaThread "C2 CompilerThread0" daemon [_thread_blocked, id=8573, stack(0x00007f4aae018000,0x00007f4aae119000)]
  0x00007f4a90001000 JavaThread "JDWP Command Reader" daemon [_thread_in_native, id=8567, stack(0x00007f4aae119000,0x00007f4aae21a000)]
  0x00007f4ad00d6800 JavaThread "JDWP Event Helper Thread" daemon [_thread_blocked, id=8565, stack(0x00007f4aae21a000,0x00007f4aae31b000)]
=>0x00007f4ad00d3000 JavaThread "JDWP Transport Listener: dt_socket" daemon [_thread_in_vm, id=8563, stack(0x00007f4aae31b000,0x00007f4aae41c000)]
  0x00007f4ad00bf000 JavaThread "Signal Dispatcher" daemon [_thread_blocked, id=8561, stack(0x00007f4aae621000,0x00007f4aae722000)]
  0x00007f4ad0095000 JavaThread "Finalizer" daemon [_thread_blocked, id=8559, stack(0x00007f4aae722000,0x00007f4aae823000)]
  0x00007f4ad0093000 JavaThread "Reference Handler" daemon [_thread_blocked, id=8558, stack(0x00007f4aae823000,0x00007f4aae924000)]
  0x00007f4ad001a000 JavaThread "main" [_thread_blocked, id=8547, stack(0x00007f4ad8bd1000,0x00007f4ad8cd2000)]

Other Threads:
  0x00007f4ad008e800 VMThread [stack: 0x00007f4aae924000,0x00007f4aaea25000] [id=8557]
  0x00007f4ad00f1000 WatcherThread [stack: 0x00007f4aadd15000,0x00007f4aade16000] [id=8576]

VM state:not at safepoint (normal execution)

VM Mutex/Monitor currently owned by a thread: None

Heap
 PSYoungGen      total 36864K, used 4445K [0x00000007d7080000, 0x00000007d9980000, 0x0000000800000000)
  eden space 31744K, 14% used [0x00000007d7080000,0x00000007d74d74e8,0x00000007d8f80000)
  from space 5120K, 0% used [0x00000007d9480000,0x00000007d9480000,0x00000007d9980000)
  to   space 5120K, 0% used [0x00000007d8f80000,0x00000007d8f80000,0x00000007d9480000)
 ParOldGen       total 83456K, used 0K [0x0000000785200000, 0x000000078a380000, 0x00000007d7080000)
  object space 83456K, 0% used [0x0000000785200000,0x0000000785200000,0x000000078a380000)
 PSPermGen       total 21504K, used 4175K [0x000000077ac00000, 0x000000077c100000, 0x0000000785200000)
  object space 21504K, 19% used [0x000000077ac00000,0x000000077b013c00,0x000000077c100000)

Card table byte_map: [0x00007f4ad48b8000,0x00007f4ad4ce3000] byte_map_base: 0x00007f4ad0ce2000

Polling page: 0x00007f4ad8cee000

Code Cache  [0x00007f4acd000000, 0x00007f4acd270000, 0x00007f4ad0000000)
 total_blobs=196 nmethods=12 adapters=146 free_code_cache=48745Kb largest_free_block=49899136

Compilation events (10 events):
Event: 0.369 Thread 0x00007f4ad00d9000 nmethod 6 0x00007f4acd063610 code [0x00007f4acd063760, 0x00007f4acd063b58]
Event: 0.369 Thread 0x00007f4ad00dc000 nmethod 7 0x00007f4acd060a90 code [0x00007f4acd060be0, 0x00007f4acd060cf8]
Event: 0.370 Thread 0x00007f4ad00d9000    8             java.lang.String::indexOf (166 bytes)
Event: 0.370 Thread 0x00007f4ad00dc000    9             sun.net.www.ParseUtil::encodePath (336 bytes)
Event: 0.375 Thread 0x00007f4ad00d9000 nmethod 8 0x00007f4acd0629d0 code [0x00007f4acd062b40, 0x00007f4acd063058]
Event: 0.383 Thread 0x00007f4ad00dc000 nmethod 9 0x00007f4acd063ed0 code [0x00007f4acd0640a0, 0x00007f4acd064b28]
Event: 0.416 Thread 0x00007f4ad00d9000   10             java.lang.Object::<init> (1 bytes)
Event: 0.417 Thread 0x00007f4ad00d9000 nmethod 10 0x00007f4acd05ed50 code [0x00007f4acd05ee80, 0x00007f4acd05ef18]
Event: 0.429 Thread 0x00007f4ad00dc000   12             sun.nio.cs.UTF_8$Encoder::encodeArrayLoop (489 bytes)
Event: 0.438 Thread 0x00007f4ad00dc000 nmethod 12 0x00007f4acd068c10 code [0x00007f4acd068dc0, 0x00007f4acd069468]

GC Heap History (0 events):
No events

Deoptimization events (3 events):
Event: 0.370 Thread 0x00007f4ad001a000 Uncommon trap: reason=unstable_if action=reinterpret pc=0x00007f4acd0611e8 method=java.io.UnixFileSystem.normalize(Ljava/lang/String;)Ljava/lang/String; @ 60
Event: 0.375 Thread 0x00007f4ad001a000 Uncommon trap: reason=unstable_if action=reinterpret pc=0x00007f4acd05e768 method=java.lang.String.hashCode()I @ 14
Event: 0.407 Thread 0x00007f4ad001a000 Uncommon trap: reason=unstable_if action=reinterpret pc=0x00007f4acd061920 method=java.lang.String.indexOf(II)I @ 49

Internal exceptions (10 events):
Event: 0.381 Thread 0x00007f4ad001a000 Threw 0x00000007d72fb788 at /build/openjdk-7-9duhBW/openjdk-7-7u101-2.6.6/build/openjdk/hotspot/src/share/vm/prims/jvm.cpp:1322
Event: 0.388 Thread 0x00007f4ad001a000 Threw 0x00000007d7314868 at /build/openjdk-7-9duhBW/openjdk-7-7u101-2.6.6/build/openjdk/hotspot/src/share/vm/prims/jvm.cpp:1322
Event: 0.390 Thread 0x00007f4ad001a000 Threw 0x00000007d731e9c0 at /build/openjdk-7-9duhBW/openjdk-7-7u101-2.6.6/build/openjdk/hotspot/src/share/vm/prims/jvm.cpp:1322
Event: 0.391 Thread 0x00007f4ad001a000 Threw 0x00000007d732c588 at /build/openjdk-7-9duhBW/openjdk-7-7u101-2.6.6/build/openjdk/hotspot/src/share/vm/prims/jvm.cpp:1322
Event: 0.401 Thread 0x00007f4ad001a000 Threw 0x00000007d7333610 at /build/openjdk-7-9duhBW/openjdk-7-7u101-2.6.6/build/openjdk/hotspot/src/share/vm/prims/jvm.cpp:1322
Event: 0.402 Thread 0x00007f4ad001a000 Threw 0x00000007d7337cd0 at /build/openjdk-7-9duhBW/openjdk-7-7u101-2.6.6/build/openjdk/hotspot/src/share/vm/prims/jvm.cpp:1322
Event: 0.403 Thread 0x00007f4ad001a000 Threw 0x00000007d7339788 at /build/openjdk-7-9duhBW/openjdk-7-7u101-2.6.6/build/openjdk/hotspot/src/share/vm/prims/jvm.cpp:1322
Event: 0.405 Thread 0x00007f4ad001a000 Threw 0x00000007d73476a8 at /build/openjdk-7-9duhBW/openjdk-7-7u101-2.6.6/build/openjdk/hotspot/src/share/vm/prims/jvm.cpp:1322
Event: 0.406 Thread 0x00007f4ad001a000 Threw 0x00000007d734ddc0 at /build/openjdk-7-9duhBW/openjdk-7-7u101-2.6.6/build/openjdk/hotspot/src/share/vm/prims/jvm.cpp:1322
Event: 0.409 Thread 0x00007f4ad001a000 Threw 0x00000007d735ee50 at /build/openjdk-7-9duhBW/openjdk-7-7u101-2.6.6/build/openjdk/hotspot/src/share/vm/prims/jvm.cpp:1322

Events (10 events):
Event: 4112.466 Executing VM operation: GetCurrentLocation
Event: 4112.466 Executing VM operation: GetCurrentLocation done
Event: 4112.466 Executing VM operation: EnterInterpOnlyMode
Event: 4112.466 Executing VM operation: EnterInterpOnlyMode done
Event: 4112.466 Executing VM operation: ChangeSingleStep
Event: 4112.466 Executing VM operation: ChangeSingleStep done
Event: 4112.467 Executing VM operation: ChangeSingleStep
Event: 4112.467 Executing VM operation: ChangeSingleStep done
Event: 4112.472 Executing VM operation: RedefineClasses
Event: 4112.472 Executing VM operation: RedefineClasses done


Dynamic libraries:
00400000-00401000 r-xp 00000000 08:01 24249929                           /usr/lib/jvm/java-7-openjdk-amd64/jre/bin/java
00600000-00601000 r--p 00000000 08:01 24249929                           /usr/lib/jvm/java-7-openjdk-amd64/jre/bin/java
00601000-00602000 rw-p 00001000 08:01 24249929                           /usr/lib/jvm/java-7-openjdk-amd64/jre/bin/java
00fde000-00fff000 rw-p 00000000 00:00 0                                  [heap]
77ac00000-77c100000 rw-p 00000000 00:00 0 
77c100000-785200000 rw-p 00000000 00:00 0 
785200000-78a380000 rw-p 00000000 00:00 0 
78a380000-7d7080000 rw-p 00000000 00:00 0 
7d7080000-7d9980000 rw-p 00000000 00:00 0 
7d9980000-800000000 rw-p 00000000 00:00 0 
7f4a74000000-7f4a74021000 rw-p 00000000 00:00 0 
7f4a74021000-7f4a78000000 ---p 00000000 00:00 0 
7f4a78000000-7f4a78021000 rw-p 00000000 00:00 0 
7f4a78021000-7f4a7c000000 ---p 00000000 00:00 0 
7f4a7c000000-7f4a7c102000 rw-p 00000000 00:00 0 
7f4a7c102000-7f4a80000000 ---p 00000000 00:00 0 
7f4a80000000-7f4a800d1000 rw-p 00000000 00:00 0 
7f4a800d1000-7f4a84000000 ---p 00000000 00:00 0 
7f4a84000000-7f4a84021000 rw-p 00000000 00:00 0 
7f4a84021000-7f4a88000000 ---p 00000000 00:00 0 
7f4a88000000-7f4a88021000 rw-p 00000000 00:00 0 
7f4a88021000-7f4a8c000000 ---p 00000000 00:00 0 
7f4a8c000000-7f4a8c021000 rw-p 00000000 00:00 0 
7f4a8c021000-7f4a90000000 ---p 00000000 00:00 0 
7f4a90000000-7f4a90021000 rw-p 00000000 00:00 0 
7f4a90021000-7f4a94000000 ---p 00000000 00:00 0 
7f4a94000000-7f4a94021000 rw-p 00000000 00:00 0 
7f4a94021000-7f4a98000000 ---p 00000000 00:00 0 
7f4a98000000-7f4a98021000 rw-p 00000000 00:00 0 
7f4a98021000-7f4a9c000000 ---p 00000000 00:00 0 
7f4a9c000000-7f4a9c021000 rw-p 00000000 00:00 0 
7f4a9c021000-7f4aa0000000 ---p 00000000 00:00 0 
7f4aa3d60000-7f4aa8000000 rw-p 00000000 00:00 0 
7f4aa8000000-7f4aa8021000 rw-p 00000000 00:00 0 
7f4aa8021000-7f4aac000000 ---p 00000000 00:00 0 
7f4aadcf5000-7f4aadd15000 r--s 001a9000 08:01 31198657                   /home/amit/workspace/Nway/lib/poi-3.9-20121203.jar
7f4aadd15000-7f4aadd16000 ---p 00000000 00:00 0 
7f4aadd16000-7f4aade16000 rw-p 00000000 00:00 0 
7f4aade16000-7f4aade19000 ---p 00000000 00:00 0 
7f4aade19000-7f4aadf17000 rw-p 00000000 00:00 0 
7f4aadf17000-7f4aadf1a000 ---p 00000000 00:00 0 
7f4aadf1a000-7f4aae018000 rw-p 00000000 00:00 0 
7f4aae018000-7f4aae01b000 ---p 00000000 00:00 0 
7f4aae01b000-7f4aae119000 rw-p 00000000 00:00 0 
7f4aae119000-7f4aae11c000 ---p 00000000 00:00 0 
7f4aae11c000-7f4aae21a000 rw-p 00000000 00:00 0 
7f4aae21a000-7f4aae21d000 ---p 00000000 00:00 0 
7f4aae21d000-7f4aae31b000 rw-p 00000000 00:00 0 
7f4aae31b000-7f4aae31e000 ---p 00000000 00:00 0 
7f4aae31e000-7f4aae41c000 rw-p 00000000 00:00 0 
7f4aae41c000-7f4aae420000 r-xp 00000000 08:01 24249972                   /usr/lib/jvm/java-7-openjdk-amd64/jre/lib/amd64/libdt_socket.so
7f4aae420000-7f4aae61f000 ---p 00004000 08:01 24249972                   /usr/lib/jvm/java-7-openjdk-amd64/jre/lib/amd64/libdt_socket.so
7f4aae61f000-7f4aae620000 r--p 00003000 08:01 24249972                   /usr/lib/jvm/java-7-openjdk-amd64/jre/lib/amd64/libdt_socket.so
7f4aae620000-7f4aae621000 rw-p 00004000 08:01 24249972                   /usr/lib/jvm/java-7-openjdk-amd64/jre/lib/amd64/libdt_socket.so
7f4aae621000-7f4aae624000 ---p 00000000 00:00 0 
7f4aae624000-7f4aae722000 rw-p 00000000 00:00 0 
7f4aae722000-7f4aae725000 ---p 00000000 00:00 0 
7f4aae725000-7f4aae823000 rw-p 00000000 00:00 0 
7f4aae823000-7f4aae826000 ---p 00000000 00:00 0 
7f4aae826000-7f4aae924000 rw-p 00000000 00:00 0 
7f4aae924000-7f4aae925000 ---p 00000000 00:00 0 
7f4aae925000-7f4ab0000000 rw-p 00000000 00:00 0 
7f4ab0000000-7f4ab0021000 rw-p 00000000 00:00 0 
7f4ab0021000-7f4ab4000000 ---p 00000000 00:00 0 
7f4ab4000000-7f4ab4021000 rw-p 00000000 00:00 0 
7f4ab4021000-7f4ab8000000 ---p 00000000 00:00 0 
7f4ab8000000-7f4ab8021000 rw-p 00000000 00:00 0 
7f4ab8021000-7f4abc000000 ---p 00000000 00:00 0 
7f4abc000000-7f4abc021000 rw-p 00000000 00:00 0 
7f4abc021000-7f4ac0000000 ---p 00000000 00:00 0 
7f4ac0000000-7f4ac0021000 rw-p 00000000 00:00 0 
7f4ac0021000-7f4ac4000000 ---p 00000000 00:00 0 
7f4ac4000000-7f4ac4021000 rw-p 00000000 00:00 0 
7f4ac4021000-7f4ac8000000 ---p 00000000 00:00 0 
7f4ac8000000-7f4ac8021000 rw-p 00000000 00:00 0 
7f4ac8021000-7f4acc000000 ---p 00000000 00:00 0 
7f4acc003000-7f4acc009000 r--s 0004b000 08:01 25559719                   /home/amit/Downloads/jfreechart-1.0.19/lib/jcommon-1.0.23.jar
7f4acc009000-7f4acc01a000 r--s 0016f000 08:01 25559722                   /home/amit/Downloads/jfreechart-1.0.19/lib/jfreechart-1.0.19.jar
7f4acc01a000-7f4acc6ab000 rw-p 00000000 00:00 0 
7f4acc6ab000-7f4acc85d000 r--s 01d32000 08:01 24249993                   /usr/lib/jvm/java-7-openjdk-amd64/jre/lib/rt.jar
7f4acc85d000-7f4acccfd000 rw-p 00000000 00:00 0 
7f4acccfd000-7f4acccfe000 ---p 00000000 00:00 0 
7f4acccfe000-7f4accdfe000 rw-p 00000000 00:00 0 
7f4accdfe000-7f4accdff000 ---p 00000000 00:00 0 
7f4accdff000-7f4acceff000 rw-p 00000000 00:00 0 
7f4acceff000-7f4accf00000 ---p 00000000 00:00 0 
7f4accf00000-7f4acd000000 rw-p 00000000 00:00 0 
7f4acd000000-7f4acd270000 rwxp 00000000 00:00 0 
7f4acd270000-7f4ad021c000 rw-p 00000000 00:00 0 
7f4ad021c000-7f4ad4000000 ---p 00000000 00:00 0 
7f4ad4001000-7f4ad40d0000 rw-p 00000000 00:00 0 
7f4ad40d0000-7f4ad40d1000 ---p 00000000 00:00 0 
7f4ad40d1000-7f4ad41d1000 rw-p 00000000 00:00 0 
7f4ad41d1000-7f4ad41d2000 ---p 00000000 00:00 0 
7f4ad41d2000-7f4ad42d2000 rw-p 00000000 00:00 0 
7f4ad42d2000-7f4ad42d3000 ---p 00000000 00:00 0 
7f4ad42d3000-7f4ad43d3000 rw-p 00000000 00:00 0 
7f4ad43d3000-7f4ad43d4000 ---p 00000000 00:00 0 
7f4ad43d4000-7f4ad44d4000 rw-p 00000000 00:00 0 
7f4ad44d4000-7f4ad44d5000 ---p 00000000 00:00 0 
7f4ad44d5000-7f4ad45e0000 rw-p 00000000 00:00 0 
7f4ad45e0000-7f4ad4628000 rw-p 00000000 00:00 0 
7f4ad4628000-7f4ad4651000 rw-p 00000000 00:00 0 
7f4ad4651000-7f4ad48b8000 rw-p 00000000 00:00 0 
7f4ad48b8000-7f4ad48c3000 rw-p 00000000 00:00 0 
7f4ad48c3000-7f4ad490b000 rw-p 00000000 00:00 0 
7f4ad490b000-7f4ad4934000 rw-p 00000000 00:00 0 
7f4ad4934000-7f4ad4b9a000 rw-p 00000000 00:00 0 
7f4ad4b9a000-7f4ad4baf000 rw-p 00000000 00:00 0 
7f4ad4baf000-7f4ad4ce2000 rw-p 00000000 00:00 0 
7f4ad4ce2000-7f4ad4ce3000 rw-p 00000000 00:00 0 
7f4ad4ce3000-7f4ad4ceb000 r-xp 00000000 08:01 24249960                   /usr/lib/jvm/java-7-openjdk-amd64/jre/lib/amd64/libzip.so
7f4ad4ceb000-7f4ad4eea000 ---p 00008000 08:01 24249960                   /usr/lib/jvm/java-7-openjdk-amd64/jre/lib/amd64/libzip.so
7f4ad4eea000-7f4ad4eeb000 r--p 00007000 08:01 24249960                   /usr/lib/jvm/java-7-openjdk-amd64/jre/lib/amd64/libzip.so
7f4ad4eeb000-7f4ad4eec000 rw-p 00008000 08:01 24249960                   /usr/lib/jvm/java-7-openjdk-amd64/jre/lib/amd64/libzip.so
7f4ad4eec000-7f4ad4ef6000 r-xp 00000000 08:01 27525223                   /lib/x86_64-linux-gnu/libnss_files-2.19.so
7f4ad4ef6000-7f4ad50f5000 ---p 0000a000 08:01 27525223                   /lib/x86_64-linux-gnu/libnss_files-2.19.so
7f4ad50f5000-7f4ad50f6000 r--p 00009000 08:01 27525223                   /lib/x86_64-linux-gnu/libnss_files-2.19.so
7f4ad50f6000-7f4ad50f7000 rw-p 0000a000 08:01 27525223                   /lib/x86_64-linux-gnu/libnss_files-2.19.so
7f4ad50f7000-7f4ad5102000 r-xp 00000000 08:01 27525215                   /lib/x86_64-linux-gnu/libnss_nis-2.19.so
7f4ad5102000-7f4ad5301000 ---p 0000b000 08:01 27525215                   /lib/x86_64-linux-gnu/libnss_nis-2.19.so
7f4ad5301000-7f4ad5302000 r--p 0000a000 08:01 27525215                   /lib/x86_64-linux-gnu/libnss_nis-2.19.so
7f4ad5302000-7f4ad5303000 rw-p 0000b000 08:01 27525215                   /lib/x86_64-linux-gnu/libnss_nis-2.19.so
7f4ad5303000-7f4ad531a000 r-xp 00000000 08:01 27525211                   /lib/x86_64-linux-gnu/libnsl-2.19.so
7f4ad531a000-7f4ad5519000 ---p 00017000 08:01 27525211                   /lib/x86_64-linux-gnu/libnsl-2.19.so
7f4ad5519000-7f4ad551a000 r--p 00016000 08:01 27525211                   /lib/x86_64-linux-gnu/libnsl-2.19.so
7f4ad551a000-7f4ad551b000 rw-p 00017000 08:01 27525211                   /lib/x86_64-linux-gnu/libnsl-2.19.so
7f4ad551b000-7f4ad551d000 rw-p 00000000 00:00 0 
7f4ad551d000-7f4ad5526000 r-xp 00000000 08:01 27525210                   /lib/x86_64-linux-gnu/libnss_compat-2.19.so
7f4ad5526000-7f4ad5725000 ---p 00009000 08:01 27525210                   /lib/x86_64-linux-gnu/libnss_compat-2.19.so
7f4ad5725000-7f4ad5726000 r--p 00008000 08:01 27525210                   /lib/x86_64-linux-gnu/libnss_compat-2.19.so
7f4ad5726000-7f4ad5727000 rw-p 00009000 08:01 27525210                   /lib/x86_64-linux-gnu/libnss_compat-2.19.so
7f4ad5727000-7f4ad5e09000 r--p 00000000 08:01 19143167                   /usr/lib/locale/locale-archive
7f4ad5e09000-7f4ad5e0b000 r-xp 00000000 08:01 24249940                   /usr/lib/jvm/java-7-openjdk-amd64/jre/lib/amd64/libnpt.so
7f4ad5e0b000-7f4ad600b000 ---p 00002000 08:01 24249940                   /usr/lib/jvm/java-7-openjdk-amd64/jre/lib/amd64/libnpt.so
7f4ad600b000-7f4ad600c000 r--p 00002000 08:01 24249940                   /usr/lib/jvm/java-7-openjdk-amd64/jre/lib/amd64/libnpt.so
7f4ad600c000-7f4ad600d000 rw-p 00003000 08:01 24249940                   /usr/lib/jvm/java-7-openjdk-amd64/jre/lib/amd64/libnpt.so
7f4ad600d000-7f4ad6047000 r-xp 00000000 08:01 24249941                   /usr/lib/jvm/java-7-openjdk-amd64/jre/lib/amd64/libjdwp.so
7f4ad6047000-7f4ad6246000 ---p 0003a000 08:01 24249941                   /usr/lib/jvm/java-7-openjdk-amd64/jre/lib/amd64/libjdwp.so
7f4ad6246000-7f4ad6247000 r--p 00039000 08:01 24249941                   /usr/lib/jvm/java-7-openjdk-amd64/jre/lib/amd64/libjdwp.so
7f4ad6247000-7f4ad6248000 rw-p 0003a000 08:01 24249941                   /usr/lib/jvm/java-7-openjdk-amd64/jre/lib/amd64/libjdwp.so
7f4ad6248000-7f4ad6273000 r-xp 00000000 08:01 24249945                   /usr/lib/jvm/java-7-openjdk-amd64/jre/lib/amd64/libjava.so
7f4ad6273000-7f4ad6473000 ---p 0002b000 08:01 24249945                   /usr/lib/jvm/java-7-openjdk-amd64/jre/lib/amd64/libjava.so
7f4ad6473000-7f4ad6474000 r--p 0002b000 08:01 24249945                   /usr/lib/jvm/java-7-openjdk-amd64/jre/lib/amd64/libjava.so
7f4ad6474000-7f4ad6476000 rw-p 0002c000 08:01 24249945                   /usr/lib/jvm/java-7-openjdk-amd64/jre/lib/amd64/libjava.so
7f4ad6476000-7f4ad6486000 r-xp 00000000 08:01 24249946                   /usr/lib/jvm/java-7-openjdk-amd64/jre/lib/amd64/libverify.so
7f4ad6486000-7f4ad6685000 ---p 00010000 08:01 24249946                   /usr/lib/jvm/java-7-openjdk-amd64/jre/lib/amd64/libverify.so
7f4ad6685000-7f4ad6687000 r--p 0000f000 08:01 24249946                   /usr/lib/jvm/java-7-openjdk-amd64/jre/lib/amd64/libverify.so
7f4ad6687000-7f4ad6688000 rw-p 00011000 08:01 24249946                   /usr/lib/jvm/java-7-openjdk-amd64/jre/lib/amd64/libverify.so
7f4ad6688000-7f4ad668f000 r-xp 00000000 08:01 27525219                   /lib/x86_64-linux-gnu/librt-2.19.so
7f4ad668f000-7f4ad688e000 ---p 00007000 08:01 27525219                   /lib/x86_64-linux-gnu/librt-2.19.so
7f4ad688e000-7f4ad688f000 r--p 00006000 08:01 27525219                   /lib/x86_64-linux-gnu/librt-2.19.so
7f4ad688f000-7f4ad6890000 rw-p 00007000 08:01 27525219                   /lib/x86_64-linux-gnu/librt-2.19.so
7f4ad6890000-7f4ad68a6000 r-xp 00000000 08:01 27529429                   /lib/x86_64-linux-gnu/libgcc_s.so.1
7f4ad68a6000-7f4ad6aa5000 ---p 00016000 08:01 27529429                   /lib/x86_64-linux-gnu/libgcc_s.so.1
7f4ad6aa5000-7f4ad6aa6000 rw-p 00015000 08:01 27529429                   /lib/x86_64-linux-gnu/libgcc_s.so.1
7f4ad6aa6000-7f4ad6bab000 r-xp 00000000 08:01 27525139                   /lib/x86_64-linux-gnu/libm-2.19.so
7f4ad6bab000-7f4ad6daa000 ---p 00105000 08:01 27525139                   /lib/x86_64-linux-gnu/libm-2.19.so
7f4ad6daa000-7f4ad6dab000 r--p 00104000 08:01 27525139                   /lib/x86_64-linux-gnu/libm-2.19.so
7f4ad6dab000-7f4ad6dac000 rw-p 00105000 08:01 27525139                   /lib/x86_64-linux-gnu/libm-2.19.so
7f4ad6dac000-7f4ad6e92000 r-xp 00000000 08:01 19136535                   /usr/lib/x86_64-linux-gnu/libstdc++.so.6.0.19
7f4ad6e92000-7f4ad7091000 ---p 000e6000 08:01 19136535                   /usr/lib/x86_64-linux-gnu/libstdc++.so.6.0.19
7f4ad7091000-7f4ad7099000 r--p 000e5000 08:01 19136535                   /usr/lib/x86_64-linux-gnu/libstdc++.so.6.0.19
7f4ad7099000-7f4ad709b000 rw-p 000ed000 08:01 19136535                   /usr/lib/x86_64-linux-gnu/libstdc++.so.6.0.19
7f4ad709b000-7f4ad70b0000 rw-p 00000000 00:00 0 
7f4ad70b0000-7f4ad7bd5000 r-xp 00000000 08:01 24249958                   /usr/lib/jvm/java-7-openjdk-amd64/jre/lib/amd64/server/libjvm.so
7f4ad7bd5000-7f4ad7dd5000 ---p 00b25000 08:01 24249958                   /usr/lib/jvm/java-7-openjdk-amd64/jre/lib/amd64/server/libjvm.so
7f4ad7dd5000-7f4ad7e6f000 r--p 00b25000 08:01 24249958                   /usr/lib/jvm/java-7-openjdk-amd64/jre/lib/amd64/server/libjvm.so
7f4ad7e6f000-7f4ad7e92000 rw-p 00bbf000 08:01 24249958                   /usr/lib/jvm/java-7-openjdk-amd64/jre/lib/amd64/server/libjvm.so
7f4ad7e92000-7f4ad7ec1000 rw-p 00000000 00:00 0 
7f4ad7ec1000-7f4ad7ed9000 r-xp 00000000 08:01 27529565                   /lib/x86_64-linux-gnu/libz.so.1.2.8
7f4ad7ed9000-7f4ad80d8000 ---p 00018000 08:01 27529565                   /lib/x86_64-linux-gnu/libz.so.1.2.8
7f4ad80d8000-7f4ad80d9000 r--p 00017000 08:01 27529565                   /lib/x86_64-linux-gnu/libz.so.1.2.8
7f4ad80d9000-7f4ad80da000 rw-p 00018000 08:01 27529565                   /lib/x86_64-linux-gnu/libz.so.1.2.8
7f4ad80da000-7f4ad80f3000 r-xp 00000000 08:01 27525212                   /lib/x86_64-linux-gnu/libpthread-2.19.so
7f4ad80f3000-7f4ad82f2000 ---p 00019000 08:01 27525212                   /lib/x86_64-linux-gnu/libpthread-2.19.so
7f4ad82f2000-7f4ad82f3000 r--p 00018000 08:01 27525212                   /lib/x86_64-linux-gnu/libpthread-2.19.so
7f4ad82f3000-7f4ad82f4000 rw-p 00019000 08:01 27525212                   /lib/x86_64-linux-gnu/libpthread-2.19.so
7f4ad82f4000-7f4ad82f8000 rw-p 00000000 00:00 0 
7f4ad82f8000-7f4ad82fb000 r-xp 00000000 08:01 27525149                   /lib/x86_64-linux-gnu/libdl-2.19.so
7f4ad82fb000-7f4ad84fa000 ---p 00003000 08:01 27525149                   /lib/x86_64-linux-gnu/libdl-2.19.so
7f4ad84fa000-7f4ad84fb000 r--p 00002000 08:01 27525149                   /lib/x86_64-linux-gnu/libdl-2.19.so
7f4ad84fb000-7f4ad84fc000 rw-p 00003000 08:01 27525149                   /lib/x86_64-linux-gnu/libdl-2.19.so
7f4ad84fc000-7f4ad86b6000 r-xp 00000000 08:01 27525220                   /lib/x86_64-linux-gnu/libc-2.19.so
7f4ad86b6000-7f4ad88b6000 ---p 001ba000 08:01 27525220                   /lib/x86_64-linux-gnu/libc-2.19.so
7f4ad88b6000-7f4ad88ba000 r--p 001ba000 08:01 27525220                   /lib/x86_64-linux-gnu/libc-2.19.so
7f4ad88ba000-7f4ad88bc000 rw-p 001be000 08:01 27525220                   /lib/x86_64-linux-gnu/libc-2.19.so
7f4ad88bc000-7f4ad88c1000 rw-p 00000000 00:00 0 
7f4ad88c1000-7f4ad88ce000 r-xp 00000000 08:01 24249975                   /usr/lib/jvm/java-7-openjdk-amd64/jre/lib/amd64/jli/libjli.so
7f4ad88ce000-7f4ad8acd000 ---p 0000d000 08:01 24249975                   /usr/lib/jvm/java-7-openjdk-amd64/jre/lib/amd64/jli/libjli.so
7f4ad8acd000-7f4ad8ace000 r--p 0000c000 08:01 24249975                   /usr/lib/jvm/java-7-openjdk-amd64/jre/lib/amd64/jli/libjli.so
7f4ad8ace000-7f4ad8acf000 rw-p 0000d000 08:01 24249975                   /usr/lib/jvm/java-7-openjdk-amd64/jre/lib/amd64/jli/libjli.so
7f4ad8acf000-7f4ad8af2000 r-xp 00000000 08:01 27525213                   /lib/x86_64-linux-gnu/ld-2.19.so
7f4ad8af2000-7f4ad8af3000 rw-p 00000000 00:00 0 
7f4ad8af3000-7f4ad8af4000 r--s 00003000 08:01 25559720                   /home/amit/Downloads/jfreechart-1.0.19/lib/jfreechart-1.0.19-experimental.jar
7f4ad8af4000-7f4ad8af6000 r--s 00012000 08:01 25559721                   /home/amit/Downloads/jfreechart-1.0.19/lib/jfreechart-1.0.19-swt.jar
7f4ad8af6000-7f4ad8af8000 r--s 0000b000 08:01 25559723                   /home/amit/Downloads/jfreechart-1.0.19/lib/jfreesvg-2.0.jar
7f4ad8af8000-7f4ad8afe000 r--s 00036000 08:01 25559724                   /home/amit/Downloads/jfreechart-1.0.19/lib/junit-4.11.jar
7f4ad8afe000-7f4ad8b05000 r--s 00066000 08:01 25559725                   /home/amit/Downloads/jfreechart-1.0.19/lib/orsoncharts-1.4-eval-nofx.jar
7f4ad8b05000-7f4ad8b07000 r--s 00010000 08:01 25559726                   /home/amit/Downloads/jfreechart-1.0.19/lib/orsonpdf-1.6-eval.jar
7f4ad8b07000-7f4ad8b0a000 r--s 00011000 08:01 25559727                   /home/amit/Downloads/jfreechart-1.0.19/lib/servlet.jar
7f4ad8b0a000-7f4ad8b0b000 r--s 00004000 08:01 25559728                   /home/amit/Downloads/jfreechart-1.0.19/lib/swtgraphics2d.jar
7f4ad8b0b000-7f4ad8b0f000 r--s 00085000 08:01 24250010                   /usr/lib/jvm/java-7-openjdk-amd64/jre/lib/ext/localedata.jar
7f4ad8b0f000-7f4ad8b11000 r--s 00006000 08:01 19534909                   /usr/share/java/java-atk-wrapper.jar
7f4ad8b11000-7f4ad8b1b000 rw-p 00000000 00:00 0 
7f4ad8b1b000-7f4ad8bd1000 rw-p 00000000 00:00 0 
7f4ad8bd1000-7f4ad8bd4000 ---p 00000000 00:00 0 
7f4ad8bd4000-7f4ad8cd7000 rw-p 00000000 00:00 0 
7f4ad8cd7000-7f4ad8cd8000 r--s 00002000 08:01 24250006                   /usr/lib/jvm/java-7-openjdk-amd64/jre/lib/ext/dnsns.jar
7f4ad8cd8000-7f4ad8cdc000 r--s 0003c000 08:01 24250011                   /usr/lib/jvm/java-7-openjdk-amd64/jre/lib/ext/sunpkcs11.jar
7f4ad8cdc000-7f4ad8cdf000 r--s 0000f000 08:01 24250009                   /usr/lib/jvm/java-7-openjdk-amd64/jre/lib/ext/icedtea-sound.jar
7f4ad8cdf000-7f4ad8ce3000 r--s 00034000 08:01 24250008                   /usr/lib/jvm/java-7-openjdk-amd64/jre/lib/ext/sunjce_provider.jar
7f4ad8ce3000-7f4ad8ce5000 r--s 00012000 08:01 24250007                   /usr/lib/jvm/java-7-openjdk-amd64/jre/lib/ext/zipfs.jar
7f4ad8ce5000-7f4ad8ced000 rw-s 00000000 08:01 43515917                   /tmp/hsperfdata_amit/8542
7f4ad8ced000-7f4ad8cee000 rw-p 00000000 00:00 0 
7f4ad8cee000-7f4ad8cef000 r--p 00000000 00:00 0 
7f4ad8cef000-7f4ad8cf1000 rw-p 00000000 00:00 0 
7f4ad8cf1000-7f4ad8cf2000 r--p 00022000 08:01 27525213                   /lib/x86_64-linux-gnu/ld-2.19.so
7f4ad8cf2000-7f4ad8cf3000 rw-p 00023000 08:01 27525213                   /lib/x86_64-linux-gnu/ld-2.19.so
7f4ad8cf3000-7f4ad8cf4000 rw-p 00000000 00:00 0 
7fff90733000-7fff9075b000 rw-p 00000000 00:00 0                          [stack]
7fff9075c000-7fff9075e000 r--p 00000000 00:00 0                          [vvar]
7fff9075e000-7fff90760000 r-xp 00000000 00:00 0                          [vdso]
ffffffffff600000-ffffffffff601000 r-xp 00000000 00:00 0                  [vsyscall]

VM Arguments:
jvm_args: -agentlib:jdwp=transport=dt_socket,suspend=y,address=localhost:32892 -Dfile.encoding=UTF-8 
java_command: core.Main
Launcher Type: SUN_STANDARD

Environment Variables:
PATH=/usr/local/sbin:/usr/local/bin:/usr/sbin:/usr/bin:/sbin:/bin:/usr/games:/usr/local/games
SHELL=/bin/bash
DISPLAY=:0

Signal Handlers:
SIGSEGV: [libjvm.so+0x9561e0], sa_mask[0]=0x7ffbfeff, sa_flags=0x10000004
SIGBUS: [libjvm.so+0x9561e0], sa_mask[0]=0x7ffbfeff, sa_flags=0x10000004
SIGFPE: [libjvm.so+0x7cc4d0], sa_mask[0]=0x7ffbfeff, sa_flags=0x10000004
SIGPIPE: [libjvm.so+0x7cc4d0], sa_mask[0]=0x7ffbfeff, sa_flags=0x10000004
SIGXFSZ: [libjvm.so+0x7cc4d0], sa_mask[0]=0x7ffbfeff, sa_flags=0x10000004
SIGILL: [libjvm.so+0x7cc4d0], sa_mask[0]=0x7ffbfeff, sa_flags=0x10000004
SIGUSR1: SIG_DFL, sa_mask[0]=0x00000000, sa_flags=0x00000000
SIGUSR2: [libjvm.so+0x7cc370], sa_mask[0]=0x00000004, sa_flags=0x10000004
SIGHUP: [libjvm.so+0x7cc550], sa_mask[0]=0x7ffbfeff, sa_flags=0x10000004
SIGINT: [libjvm.so+0x7cc550], sa_mask[0]=0x7ffbfeff, sa_flags=0x10000004
SIGTERM: [libjvm.so+0x7cc550], sa_mask[0]=0x7ffbfeff, sa_flags=0x10000004
SIGQUIT: [libjvm.so+0x7cc550], sa_mask[0]=0x7ffbfeff, sa_flags=0x10000004
SIGTRAP: SIG_DFL, sa_mask[0]=0x00000000, sa_flags=0x00000000


---------------  S Y S T E M  ---------------

OS:Ubuntu 14.04 (trusty)
uname:Linux 4.2.0-42-generic #49~14.04.1-Ubuntu SMP Wed Jun 29 20:22:11 UTC 2016 x86_64
libc:glibc 2.19 NPTL 2.19 
rlimit: STACK 8192k, CORE 0k, NPROC 31367, NOFILE 4096, AS infinity
load average:0.58 0.57 0.55

/proc/meminfo:
MemTotal:        8052268 kB
MemFree:         3317268 kB
MemAvailable:    5031612 kB
Buffers:          370864 kB
Cached:          1765812 kB
SwapCached:            0 kB
Active:          3276288 kB
Inactive:        1074740 kB
Active(anon):    2216528 kB
Inactive(anon):   392580 kB
Active(file):    1059760 kB
Inactive(file):   682160 kB
Unevictable:          32 kB
Mlocked:              32 kB
SwapTotal:       8265724 kB
SwapFree:        8265724 kB
Dirty:               220 kB
Writeback:             0 kB
AnonPages:       2214516 kB
Mapped:           520692 kB
Shmem:            394756 kB
Slab:             264928 kB
SReclaimable:     225828 kB
SUnreclaim:        39100 kB
KernelStack:       11776 kB
PageTables:        40632 kB
NFS_Unstable:          0 kB
Bounce:                0 kB
WritebackTmp:          0 kB
CommitLimit:    12291856 kB
Committed_AS:    7601092 kB
VmallocTotal:   34359738367 kB
VmallocUsed:      362120 kB
VmallocChunk:   34358945788 kB
HardwareCorrupted:     0 kB
AnonHugePages:   1001472 kB
CmaTotal:              0 kB
CmaFree:               0 kB
HugePages_Total:       0
HugePages_Free:        0
HugePages_Rsvd:        0
HugePages_Surp:        0
Hugepagesize:       2048 kB
DirectMap4k:      148944 kB
DirectMap2M:     8118272 kB


CPU:total 8 (4 cores per cpu, 2 threads per core) family 6 model 42 stepping 7, cmov, cx8, fxsr, mmx, sse, sse2, sse3, ssse3, sse4.1, sse4.2, popcnt, avx, aes, ht, tsc, tscinvbit

/proc/cpuinfo:
processor	: 0
vendor_id	: GenuineIntel
cpu family	: 6
model		: 42
model name	: Intel(R) Core(TM) i7-2600 CPU @ 3.40GHz
stepping	: 7
microcode	: 0x23
cpu MHz		: 3511.695
cache size	: 8192 KB
physical id	: 0
siblings	: 8
core id		: 0
cpu cores	: 4
apicid		: 0
initial apicid	: 0
fpu		: yes
fpu_exception	: yes
cpuid level	: 13
wp		: yes
flags		: fpu vme de pse tsc msr pae mce cx8 apic sep mtrr pge mca cmov pat pse36 clflush dts acpi mmx fxsr sse sse2 ss ht tm pbe syscall nx rdtscp lm constant_tsc arch_perfmon pebs bts rep_good nopl xtopology nonstop_tsc aperfmperf eagerfpu pni pclmulqdq dtes64 monitor ds_cpl vmx smx est tm2 ssse3 cx16 xtpr pdcm pcid sse4_1 sse4_2 x2apic popcnt tsc_deadline_timer aes xsave avx lahf_lm ida arat epb pln pts dtherm tpr_shadow vnmi flexpriority ept vpid xsaveopt
bugs		:
bogomips	: 6784.33
clflush size	: 64
cache_alignment	: 64
address sizes	: 36 bits physical, 48 bits virtual
power management:

processor	: 1
vendor_id	: GenuineIntel
cpu family	: 6
model		: 42
model name	: Intel(R) Core(TM) i7-2600 CPU @ 3.40GHz
stepping	: 7
microcode	: 0x23
cpu MHz		: 3618.210
cache size	: 8192 KB
physical id	: 0
siblings	: 8
core id		: 1
cpu cores	: 4
apicid		: 2
initial apicid	: 2
fpu		: yes
fpu_exception	: yes
cpuid level	: 13
wp		: yes
flags		: fpu vme de pse tsc msr pae mce cx8 apic sep mtrr pge mca cmov pat pse36 clflush dts acpi mmx fxsr sse sse2 ss ht tm pbe syscall nx rdtscp lm constant_tsc arch_perfmon pebs bts rep_good nopl xtopology nonstop_tsc aperfmperf eagerfpu pni pclmulqdq dtes64 monitor ds_cpl vmx smx est tm2 ssse3 cx16 xtpr pdcm pcid sse4_1 sse4_2 x2apic popcnt tsc_deadline_timer aes xsave avx lahf_lm ida arat epb pln pts dtherm tpr_shadow vnmi flexpriority ept vpid xsaveopt
bugs		:
bogomips	: 6784.33
clflush size	: 64
cache_alignment	: 64
address sizes	: 36 bits physical, 48 bits virtual
power management:

processor	: 2
vendor_id	: GenuineIntel
cpu family	: 6
model		: 42
model name	: Intel(R) Core(TM) i7-2600 CPU @ 3.40GHz
stepping	: 7
microcode	: 0x23
cpu MHz		: 3526.835
cache size	: 8192 KB
physical id	: 0
siblings	: 8
core id		: 2
cpu cores	: 4
apicid		: 4
initial apicid	: 4
fpu		: yes
fpu_exception	: yes
cpuid level	: 13
wp		: yes
flags		: fpu vme de pse tsc msr pae mce cx8 apic sep mtrr pge mca cmov pat pse36 clflush dts acpi mmx fxsr sse sse2 ss ht tm pbe syscall nx rdtscp lm constant_tsc arch_perfmon pebs bts rep_good nopl xtopology nonstop_tsc aperfmperf eagerfpu pni pclmulqdq dtes64 monitor ds_cpl vmx smx est tm2 ssse3 cx16 xtpr pdcm pcid sse4_1 sse4_2 x2apic popcnt tsc_deadline_timer aes xsave avx lahf_lm ida arat epb pln pts dtherm tpr_shadow vnmi flexpriority ept vpid xsaveopt
bugs		:
bogomips	: 6784.33
clflush size	: 64
cache_alignment	: 64
address sizes	: 36 bits physical, 48 bits virtual
power management:

processor	: 3
vendor_id	: GenuineIntel
cpu family	: 6
model		: 42
model name	: Intel(R) Core(TM) i7-2600 CPU @ 3.40GHz
stepping	: 7
microcode	: 0x23
cpu MHz		: 3570.000
cache size	: 8192 KB
physical id	: 0
siblings	: 8
core id		: 3
cpu cores	: 4
apicid		: 6
initial apicid	: 6
fpu		: yes
fpu_exception	: yes
cpuid level	: 13
wp		: yes
flags		: fpu vme de pse tsc msr pae mce cx8 apic sep mtrr pge mca cmov pat pse36 clflush dts acpi mmx fxsr sse sse2 ss ht tm pbe syscall nx rdtscp lm constant_tsc arch_perfmon pebs bts rep_good nopl xtopology nonstop_tsc aperfmperf eagerfpu pni pclmulqdq dtes64 monitor ds_cpl vmx smx est tm2 ssse3 cx16 xtpr pdcm pcid sse4_1 sse4_2 x2apic popcnt tsc_deadline_timer aes xsave avx lahf_lm ida arat epb pln pts dtherm tpr_shadow vnmi flexpriority ept vpid xsaveopt
bugs		:
bogomips	: 6784.33
clflush size	: 64
cache_alignment	: 64
address sizes	: 36 bits physical, 48 bits virtual
power management:

processor	: 4
vendor_id	: GenuineIntel
cpu family	: 6
model		: 42
model name	: Intel(R) Core(TM) i7-2600 CPU @ 3.40GHz
stepping	: 7
microcode	: 0x23
cpu MHz		: 3600.679
cache size	: 8192 KB
physical id	: 0
siblings	: 8
core id		: 0
cpu cores	: 4
apicid		: 1
initial apicid	: 1
fpu		: yes
fpu_exception	: yes
cpuid level	: 13
wp		: yes
flags		: fpu vme de pse tsc msr pae mce cx8 apic sep mtrr pge mca cmov pat pse36 clflush dts acpi mmx fxsr sse sse2 ss ht tm pbe syscall nx rdtscp lm constant_tsc arch_perfmon pebs bts rep_good nopl xtopology nonstop_tsc aperfmperf eagerfpu pni pclmulqdq dtes64 monitor ds_cpl vmx smx est tm2 ssse3 cx16 xtpr pdcm pcid sse4_1 sse4_2 x2apic popcnt tsc_deadline_timer aes xsave avx lahf_lm ida arat epb pln pts dtherm tpr_shadow vnmi flexpriority ept vpid xsaveopt
bugs		:
bogomips	: 6784.33
clflush size	: 64
cache_alignment	: 64
address sizes	: 36 bits physical, 48 bits virtual
power management:

processor	: 5
vendor_id	: GenuineIntel
cpu family	: 6
model		: 42
model name	: Intel(R) Core(TM) i7-2600 CPU @ 3.40GHz
stepping	: 7
microcode	: 0x23
cpu MHz		: 3575.312
cache size	: 8192 KB
physical id	: 0
siblings	: 8
core id		: 1
cpu cores	: 4
apicid		: 3
initial apicid	: 3
fpu		: yes
fpu_exception	: yes
cpuid level	: 13
wp		: yes
flags		: fpu vme de pse tsc msr pae mce cx8 apic sep mtrr pge mca cmov pat pse36 clflush dts acpi mmx fxsr sse sse2 ss ht tm pbe syscall nx rdtscp lm constant_tsc arch_perfmon pebs bts rep_good nopl xtopology nonstop_tsc aperfmperf eagerfpu pni pclmulqdq dtes64 monitor ds_cpl vmx smx est tm2 ssse3 cx16 xtpr pdcm pcid sse4_1 sse4_2 x2apic popcnt tsc_deadline_timer aes xsave avx lahf_lm ida arat epb pln pts dtherm tpr_shadow vnmi flexpriority ept vpid xsaveopt
bugs		:
bogomips	: 6784.33
clflush size	: 64
cache_alignment	: 64
address sizes	: 36 bits physical, 48 bits virtual
power management:

processor	: 6
vendor_id	: GenuineIntel
cpu family	: 6
model		: 42
model name	: Intel(R) Core(TM) i7-2600 CPU @ 3.40GHz
stepping	: 7
microcode	: 0x23
cpu MHz		: 3671.734
cache size	: 8192 KB
physical id	: 0
siblings	: 8
core id		: 2
cpu cores	: 4
apicid		: 5
initial apicid	: 5
fpu		: yes
fpu_exception	: yes
cpuid level	: 13
wp		: yes
flags		: fpu vme de pse tsc msr pae mce cx8 apic sep mtrr pge mca cmov pat pse36 clflush dts acpi mmx fxsr sse sse2 ss ht tm pbe syscall nx rdtscp lm constant_tsc arch_perfmon pebs bts rep_good nopl xtopology nonstop_tsc aperfmperf eagerfpu pni pclmulqdq dtes64 monitor ds_cpl vmx smx est tm2 ssse3 cx16 xtpr pdcm pcid sse4_1 sse4_2 x2apic popcnt tsc_deadline_timer aes xsave avx lahf_lm ida arat epb pln pts dtherm tpr_shadow vnmi flexpriority ept vpid xsaveopt
bugs		:
bogomips	: 6784.33
clflush size	: 64
cache_alignment	: 64
address sizes	: 36 bits physical, 48 bits virtual
power management:

processor	: 7
vendor_id	: GenuineIntel
cpu family	: 6
model		: 42
model name	: Intel(R) Core(TM) i7-2600 CPU @ 3.40GHz
stepping	: 7
microcode	: 0x23
cpu MHz		: 3587.664
cache size	: 8192 KB
physical id	: 0
siblings	: 8
core id		: 3
cpu cores	: 4
apicid		: 7
initial apicid	: 7
fpu		: yes
fpu_exception	: yes
cpuid level	: 13
wp		: yes
flags		: fpu vme de pse tsc msr pae mce cx8 apic sep mtrr pge mca cmov pat pse36 clflush dts acpi mmx fxsr sse sse2 ss ht tm pbe syscall nx rdtscp lm constant_tsc arch_perfmon pebs bts rep_good nopl xtopology nonstop_tsc aperfmperf eagerfpu pni pclmulqdq dtes64 monitor ds_cpl vmx smx est tm2 ssse3 cx16 xtpr pdcm pcid sse4_1 sse4_2 x2apic popcnt tsc_deadline_timer aes xsave avx lahf_lm ida arat epb pln pts dtherm tpr_shadow vnmi flexpriority ept vpid xsaveopt
bugs		:
bogomips	: 6784.33
clflush size	: 64
cache_alignment	: 64
address sizes	: 36 bits physical, 48 bits virtual
power management:



Memory: 4k page, physical 8052268k(3317268k free), swap 8265724k(8265724k free)

vm_info: OpenJDK 64-Bit Server VM (24.95-b01) for linux-amd64 JRE (1.7.0_101-b00), built on Apr 24 2016 20:39:29 by "buildd" with gcc 4.8.2

time: Tue Aug  9 15:03:36 2016
elapsed time: 4112 seconds

