#
# A fatal error has been detected by the Java Runtime Environment:
#
#  SIGSEGV (0xb) at pc=0x00007f6fd0b23d10, pid=8769, tid=140117796669184
#
# JRE version: OpenJDK Runtime Environment (7.0_101) (build 1.7.0_101-b00)
# Java VM: OpenJDK 64-Bit Server VM (24.95-b01 mixed mode linux-amd64 compressed oops)
# Derivative: IcedTea 2.6.6
# Distribution: Ubuntu 14.04 LTS, package 7u101-2.6.6-0ubuntu0.14.04.1
# Problematic frame:
# V  [libjvm.so+0x645d10]
#
# Failed to write core dump. Core dumps have been disabled. To enable core dumping, try "ulimit -c unlimited" before starting Java again
#
# If you would like to submit a bug report, please include
# instructions on how to reproduce the bug and visit:
#   http://icedtea.classpath.org/bugzilla
#

---------------  T H R E A D  ---------------

Current thread (0x00007f6fc80d3000):  JavaThread "JDWP Transport Listener: dt_socket" daemon [_thread_in_vm, id=8794, stack(0x00007f6fb76f4000,0x00007f6fb77f5000)]

siginfo:si_signo=SIGSEGV: si_errno=0, si_code=1 (SEGV_MAPERR), si_addr=0x0000000000000051

Registers:
RAX=0x0000000000000063, RBX=0x00007f6fc80117a0, RCX=0x00007f6fd1721320, RDX=0x0000000000000001
RSP=0x00007f6fb77f39d0, RBP=0x00007f6fb77f3a30, RSI=0x00007f6fc80d3000, RDI=0x00007f6fc80117a0
R8 =0x0000000000000000, R9 =0x00007f6f800046b0, R10=0x00007f6fc8210b21, R11=0x00007f6fd1aa2360
R12=0x0000000000000051, R13=0x00007f6fb77f3a97, R14=0x00007f6fc80d3000, R15=0x00007f6fb77f39e0
RIP=0x00007f6fd0b23d10, EFLAGS=0x0000000000010202, CSGSFS=0x0000000000000033, ERR=0x0000000000000004
  TRAPNO=0x000000000000000e

Top of Stack: (sp=0x00007f6fb77f39d0)
0x00007f6fb77f39d0:   00007f6fd12d39ac 00007f6fd0b71206
0x00007f6fb77f39e0:   00007f6fc80d3000 0000000000000000
0x00007f6fb77f39f0:   00007f6f00000000 0000000000000000
0x00007f6fb77f3a00:   00007f6fb77f3b80 00007f6fb77f3a97
0x00007f6fb77f3a10:   00007f6fcf675f00 0000000000000051
0x00007f6fb77f3a20:   00007f6fb77f3a97 00007f6fb77f3a9c
0x00007f6fb77f3a30:   00007f6fb77f3a60 00007f6fcf461aa9
0x00007f6fb77f3a40:   00007f6fb77f3a60 0000000000000025
0x00007f6fb77f3a50:   00007f6fb77f3b80 0000000000000051
0x00007f6fb77f3a60:   00007f6fb77f3af0 00007f6fcf4425f8
0x00007f6fb77f3a70:   00007f6fb77f3ab0 00007f6fb77f3ab0
0x00007f6fb77f3a80:   00007f6fb77f3ab8 00000001cf4474c9
0x00007f6fb77f3a90:   00007f6fb77f3b50 0000000900000026
0x00007f6fb77f3aa0:   00007f6f80002fb0 0000000000000000
0x00007f6fb77f3ab0:   0000000000000000 0000000000000000
0x00007f6fb77f3ac0:   00007f6fb77f3b50 00000000000f0200
0x00007f6fb77f3ad0:   00007f6fb77f3b50 0000000000000002
0x00007f6fb77f3ae0:   00007f6fb77f3b80 00007f6fcf675f00
0x00007f6fb77f3af0:   00007f6fb77f3d40 00007f6fcf44c688
0x00007f6fb77f3b00:   00003b4600000013 00007f6f800f0200
0x00007f6fb77f3b10:   00007f6f78000fb0 00007f6fd0ad8c5c
0x00007f6fb77f3b20:   00007f6fc80d52a0 00007f6f7800080f
0x00007f6fb77f3b30:   00003b4600000013 00007f6f800f0200
0x00007f6fb77f3b40:   00007f6f78000fb0 00007f6fc80ca3e8
0x00007f6fb77f3b50:   00007f6f78000fb8 000000000000000b
0x00007f6fb77f3b60:   00003b4600000013 00007f6f800f0200
0x00007f6fb77f3b70:   00007f6f78000fb0 00007f6f80003130
0x00007f6fb77f3b80:   00007f6f80009b6e 00000000000010d2
0x00007f6fb77f3b90:   00007f6f80007d20 00007f6f0000012c
0x00007f6fb77f3ba0:   00007f6fb77f3bd0 00007f6f800030f0
0x00007f6fb77f3bb0:   00007f0000000000 00003b460000001c
0x00007f6fb77f3bc0:   00007f6f00003c80 00007f6fb77f3bd0 

Instructions: (pc=0x00007f6fd0b23d10)
0x00007f6fd0b23cf0:   48 c1 e8 04 23 02 48 8d 15 63 b2 7a 00 48 03 02
0x00007f6fd0b23d00:   c7 00 01 00 00 00 e9 a6 fe ff ff 4d 85 e4 74 3b
0x00007f6fd0b23d10:   4d 8b 24 24 48 b8 fe fe fe fe fe fe fe fe 49 39
0x00007f6fd0b23d20:   c4 74 28 4d 85 e4 74 23 48 8d 05 a4 59 7a 00 80 

Register to memory mapping:

RAX=0x0000000000000063 is an unknown value
RBX=0x00007f6fc80117a0 is an unknown value
RCX=0x00007f6fd1721320: <offset 0x219320> in /lib/x86_64-linux-gnu/libpthread.so.0 at 0x00007f6fd1508000
RDX=0x0000000000000001 is an unknown value
RSP=0x00007f6fb77f39d0 is pointing into the stack for thread: 0x00007f6fc80d3000
RBP=0x00007f6fb77f3a30 is pointing into the stack for thread: 0x00007f6fc80d3000
RSI=0x00007f6fc80d3000 is a thread
RDI=0x00007f6fc80117a0 is an unknown value
R8 =0x0000000000000000 is an unknown value
R9 =0x00007f6f800046b0 is an unknown value
R10=0x00007f6fc8210b21 is an unknown value
R11=0x00007f6fd1aa2360: <offset 0x178360> in /lib/x86_64-linux-gnu/libc.so.6 at 0x00007f6fd192a000
R12=0x0000000000000051 is an unknown value
R13=0x00007f6fb77f3a97 is pointing into the stack for thread: 0x00007f6fc80d3000
R14=0x00007f6fc80d3000 is a thread
R15=0x00007f6fb77f39e0 is pointing into the stack for thread: 0x00007f6fc80d3000


Stack: [0x00007f6fb76f4000,0x00007f6fb77f5000],  sp=0x00007f6fb77f39d0,  free space=1022k
Native frames: (J=compiled Java code, j=interpreted, Vv=VM code, C=native code)
V  [libjvm.so+0x645d10]
C  [libjdwp.so+0x26aa9]
C  [libjdwp.so+0x75f8]
C  [libjdwp.so+0x11688]
C  [libjdwp.so+0x23785]
V  [libjvm.so+0x6b223b]
V  [libjvm.so+0x9085f0]
V  [libjvm.so+0x908861]
V  [libjvm.so+0x7cdb62]


---------------  P R O C E S S  ---------------

Java Threads: ( => current thread )
  0x00007f6fc80de000 JavaThread "Service Thread" daemon [_thread_blocked, id=8803, stack(0x00007f6fb71ef000,0x00007f6fb72f0000)]
  0x00007f6fc80dc000 JavaThread "C2 CompilerThread1" daemon [_thread_blocked, id=8802, stack(0x00007f6fb72f0000,0x00007f6fb73f1000)]
  0x00007f6fc80d9000 JavaThread "C2 CompilerThread0" daemon [_thread_blocked, id=8801, stack(0x00007f6fb73f1000,0x00007f6fb74f2000)]
  0x00007f6f80001000 JavaThread "JDWP Command Reader" daemon [_thread_in_native, id=8798, stack(0x00007f6fb74f2000,0x00007f6fb75f3000)]
  0x00007f6fc80d6800 JavaThread "JDWP Event Helper Thread" daemon [_thread_blocked, id=8797, stack(0x00007f6fb75f3000,0x00007f6fb76f4000)]
=>0x00007f6fc80d3000 JavaThread "JDWP Transport Listener: dt_socket" daemon [_thread_in_vm, id=8794, stack(0x00007f6fb76f4000,0x00007f6fb77f5000)]
  0x00007f6fc80bf000 JavaThread "Signal Dispatcher" daemon [_thread_blocked, id=8792, stack(0x00007f6fb79fa000,0x00007f6fb7afb000)]
  0x00007f6fc8095000 JavaThread "Finalizer" daemon [_thread_blocked, id=8790, stack(0x00007f6fb7afb000,0x00007f6fb7bfc000)]
  0x00007f6fc8093000 JavaThread "Reference Handler" daemon [_thread_blocked, id=8789, stack(0x00007f6fb7bfc000,0x00007f6fb7cfd000)]
  0x00007f6fc801a000 JavaThread "main" [_thread_blocked, id=8772, stack(0x00007f6fd1fff000,0x00007f6fd2100000)]

Other Threads:
  0x00007f6fc808e800 VMThread [stack: 0x00007f6fb7cfd000,0x00007f6fb7dfe000] [id=8787]
  0x00007f6fc80f1000 WatcherThread [stack: 0x00007f6fb70ee000,0x00007f6fb71ef000] [id=8804]

VM state:not at safepoint (normal execution)

VM Mutex/Monitor currently owned by a thread: None

Heap
 PSYoungGen      total 36864K, used 3810K [0x00000007d7080000, 0x00000007d9980000, 0x0000000800000000)
  eden space 31744K, 12% used [0x00000007d7080000,0x00000007d74388a0,0x00000007d8f80000)
  from space 5120K, 0% used [0x00000007d9480000,0x00000007d9480000,0x00000007d9980000)
  to   space 5120K, 0% used [0x00000007d8f80000,0x00000007d8f80000,0x00000007d9480000)
 ParOldGen       total 83456K, used 0K [0x0000000785200000, 0x000000078a380000, 0x00000007d7080000)
  object space 83456K, 0% used [0x0000000785200000,0x0000000785200000,0x000000078a380000)
 PSPermGen       total 21504K, used 3977K [0x000000077ac00000, 0x000000077c100000, 0x0000000785200000)
  object space 21504K, 18% used [0x000000077ac00000,0x000000077afe2580,0x000000077c100000)

Card table byte_map: [0x00007f6fcdce6000,0x00007f6fce111000] byte_map_base: 0x00007f6fca110000

Polling page: 0x00007f6fd211c000

Code Cache  [0x00007f6fc5000000, 0x00007f6fc5270000, 0x00007f6fc8000000)
 total_blobs=198 nmethods=14 adapters=146 free_code_cache=48741Kb largest_free_block=49894464

Compilation events (10 events):
Event: 0.137 Thread 0x00007f6fc80dc000 nmethod 10 0x00007f6fc50622d0 code [0x00007f6fc5062420, 0x00007f6fc5062618]
Event: 0.137 Thread 0x00007f6fc80dc000   11 %           java.lang.String::indexOf @ 69 (166 bytes)
Event: 0.142 Thread 0x00007f6fc80d9000 nmethod 8 0x00007f6fc5060f10 code [0x00007f6fc50610e0, 0x00007f6fc5061ad0]
Event: 0.142 Thread 0x00007f6fc80d9000   12             java.lang.String::charAt (29 bytes)
Event: 0.143 Thread 0x00007f6fc80d9000 nmethod 12 0x00007f6fc5060b90 code [0x00007f6fc5060ce0, 0x00007f6fc5060df8]
Event: 0.143 Thread 0x00007f6fc80dc000 nmethod 11% 0x00007f6fc5066050 code [0x00007f6fc50661c0, 0x00007f6fc5066ad8]
Event: 0.147 Thread 0x00007f6fc80d9000   13             java.lang.String::indexOf (166 bytes)
Event: 0.152 Thread 0x00007f6fc80d9000 nmethod 13 0x00007f6fc5067090 code [0x00007f6fc5067200, 0x00007f6fc50676d8]
Event: 0.159 Thread 0x00007f6fc80dc000   14             java.lang.Object::<init> (1 bytes)
Event: 0.159 Thread 0x00007f6fc80dc000 nmethod 14 0x00007f6fc5067d10 code [0x00007f6fc5067e40, 0x00007f6fc5067ed8]

GC Heap History (0 events):
No events

Deoptimization events (2 events):
Event: 0.126 Thread 0x00007f6fc801a000 Uncommon trap: reason=unstable_if action=reinterpret pc=0x00007f6fc50607e8 method=java.io.UnixFileSystem.normalize(Ljava/lang/String;)Ljava/lang/String; @ 60
Event: 0.153 Thread 0x00007f6fc801a000 Uncommon trap: reason=unstable_if action=reinterpret pc=0x00007f6fc50629e0 method=java.lang.String.indexOf(II)I @ 49

Internal exceptions (10 events):
Event: 0.131 Thread 0x00007f6fc801a000 Threw 0x00000007d72fb788 at /build/openjdk-7-9duhBW/openjdk-7-7u101-2.6.6/build/openjdk/hotspot/src/share/vm/prims/jvm.cpp:1322
Event: 0.138 Thread 0x00007f6fc801a000 Threw 0x00000007d7314868 at /build/openjdk-7-9duhBW/openjdk-7-7u101-2.6.6/build/openjdk/hotspot/src/share/vm/prims/jvm.cpp:1322
Event: 0.139 Thread 0x00007f6fc801a000 Threw 0x00000007d731e9c0 at /build/openjdk-7-9duhBW/openjdk-7-7u101-2.6.6/build/openjdk/hotspot/src/share/vm/prims/jvm.cpp:1322
Event: 0.140 Thread 0x00007f6fc801a000 Threw 0x00000007d732c558 at /build/openjdk-7-9duhBW/openjdk-7-7u101-2.6.6/build/openjdk/hotspot/src/share/vm/prims/jvm.cpp:1322
Event: 0.147 Thread 0x00007f6fc801a000 Threw 0x00000007d73335e0 at /build/openjdk-7-9duhBW/openjdk-7-7u101-2.6.6/build/openjdk/hotspot/src/share/vm/prims/jvm.cpp:1322
Event: 0.148 Thread 0x00007f6fc801a000 Threw 0x00000007d7337ca0 at /build/openjdk-7-9duhBW/openjdk-7-7u101-2.6.6/build/openjdk/hotspot/src/share/vm/prims/jvm.cpp:1322
Event: 0.150 Thread 0x00007f6fc801a000 Threw 0x00000007d7339758 at /build/openjdk-7-9duhBW/openjdk-7-7u101-2.6.6/build/openjdk/hotspot/src/share/vm/prims/jvm.cpp:1322
Event: 0.152 Thread 0x00007f6fc801a000 Threw 0x00000007d7347678 at /build/openjdk-7-9duhBW/openjdk-7-7u101-2.6.6/build/openjdk/hotspot/src/share/vm/prims/jvm.cpp:1322
Event: 0.152 Thread 0x00007f6fc801a000 Threw 0x00000007d734dd90 at /build/openjdk-7-9duhBW/openjdk-7-7u101-2.6.6/build/openjdk/hotspot/src/share/vm/prims/jvm.cpp:1322
Event: 0.162 Thread 0x00007f6fc801a000 Threw 0x00000007d73a9110 at /build/openjdk-7-9duhBW/openjdk-7-7u101-2.6.6/build/openjdk/hotspot/src/share/vm/prims/jvm.cpp:1322

Events (10 events):
Event: 3988.579 Executing VM operation: GetCurrentLocation
Event: 3988.579 Executing VM operation: GetCurrentLocation done
Event: 3988.579 Executing VM operation: EnterInterpOnlyMode
Event: 3988.579 Executing VM operation: EnterInterpOnlyMode done
Event: 3988.579 Executing VM operation: ChangeSingleStep
Event: 3988.579 Executing VM operation: ChangeSingleStep done
Event: 3988.579 Executing VM operation: ChangeSingleStep
Event: 3988.579 Executing VM operation: ChangeSingleStep done
Event: 3988.582 Executing VM operation: RedefineClasses
Event: 3988.582 Executing VM operation: RedefineClasses done


Dynamic libraries:
00400000-00401000 r-xp 00000000 08:01 24249929                           /usr/lib/jvm/java-7-openjdk-amd64/jre/bin/java
00600000-00601000 r--p 00000000 08:01 24249929                           /usr/lib/jvm/java-7-openjdk-amd64/jre/bin/java
00601000-00602000 rw-p 00001000 08:01 24249929                           /usr/lib/jvm/java-7-openjdk-amd64/jre/bin/java
025a1000-025c2000 rw-p 00000000 00:00 0                                  [heap]
77ac00000-77c100000 rw-p 00000000 00:00 0 
77c100000-785200000 rw-p 00000000 00:00 0 
785200000-78a380000 rw-p 00000000 00:00 0 
78a380000-7d7080000 rw-p 00000000 00:00 0 
7d7080000-7d9980000 rw-p 00000000 00:00 0 
7d9980000-800000000 rw-p 00000000 00:00 0 
7f6f64000000-7f6f64021000 rw-p 00000000 00:00 0 
7f6f64021000-7f6f68000000 ---p 00000000 00:00 0 
7f6f68000000-7f6f68021000 rw-p 00000000 00:00 0 
7f6f68021000-7f6f6c000000 ---p 00000000 00:00 0 
7f6f6c000000-7f6f6c11f000 rw-p 00000000 00:00 0 
7f6f6c11f000-7f6f70000000 ---p 00000000 00:00 0 
7f6f70000000-7f6f700e8000 rw-p 00000000 00:00 0 
7f6f700e8000-7f6f74000000 ---p 00000000 00:00 0 
7f6f74000000-7f6f74021000 rw-p 00000000 00:00 0 
7f6f74021000-7f6f78000000 ---p 00000000 00:00 0 
7f6f78000000-7f6f78021000 rw-p 00000000 00:00 0 
7f6f78021000-7f6f7c000000 ---p 00000000 00:00 0 
7f6f7c000000-7f6f7c021000 rw-p 00000000 00:00 0 
7f6f7c021000-7f6f80000000 ---p 00000000 00:00 0 
7f6f80000000-7f6f80021000 rw-p 00000000 00:00 0 
7f6f80021000-7f6f84000000 ---p 00000000 00:00 0 
7f6f84000000-7f6f84021000 rw-p 00000000 00:00 0 
7f6f84021000-7f6f88000000 ---p 00000000 00:00 0 
7f6f88000000-7f6f88021000 rw-p 00000000 00:00 0 
7f6f88021000-7f6f8c000000 ---p 00000000 00:00 0 
7f6f8c000000-7f6f8c021000 rw-p 00000000 00:00 0 
7f6f8c021000-7f6f90000000 ---p 00000000 00:00 0 
7f6f90000000-7f6f90021000 rw-p 00000000 00:00 0 
7f6f90021000-7f6f94000000 ---p 00000000 00:00 0 
7f6f94000000-7f6f94021000 rw-p 00000000 00:00 0 
7f6f94021000-7f6f98000000 ---p 00000000 00:00 0 
7f6f9bd60000-7f6fa0000000 rw-p 00000000 00:00 0 
7f6fa0000000-7f6fa0021000 rw-p 00000000 00:00 0 
7f6fa0021000-7f6fa4000000 ---p 00000000 00:00 0 
7f6fa8000000-7f6fa8021000 rw-p 00000000 00:00 0 
7f6fa8021000-7f6fac000000 ---p 00000000 00:00 0 
7f6fb0000000-7f6fb0021000 rw-p 00000000 00:00 0 
7f6fb0021000-7f6fb4000000 ---p 00000000 00:00 0 
7f6fb70ee000-7f6fb70ef000 ---p 00000000 00:00 0 
7f6fb70ef000-7f6fb71ef000 rw-p 00000000 00:00 0 
7f6fb71ef000-7f6fb71f2000 ---p 00000000 00:00 0 
7f6fb71f2000-7f6fb72f0000 rw-p 00000000 00:00 0 
7f6fb72f0000-7f6fb72f3000 ---p 00000000 00:00 0 
7f6fb72f3000-7f6fb73f1000 rw-p 00000000 00:00 0 
7f6fb73f1000-7f6fb73f4000 ---p 00000000 00:00 0 
7f6fb73f4000-7f6fb74f2000 rw-p 00000000 00:00 0 
7f6fb74f2000-7f6fb74f5000 ---p 00000000 00:00 0 
7f6fb74f5000-7f6fb75f3000 rw-p 00000000 00:00 0 
7f6fb75f3000-7f6fb75f6000 ---p 00000000 00:00 0 
7f6fb75f6000-7f6fb76f4000 rw-p 00000000 00:00 0 
7f6fb76f4000-7f6fb76f7000 ---p 00000000 00:00 0 
7f6fb76f7000-7f6fb77f5000 rw-p 00000000 00:00 0 
7f6fb77f5000-7f6fb77f9000 r-xp 00000000 08:01 24249972                   /usr/lib/jvm/java-7-openjdk-amd64/jre/lib/amd64/libdt_socket.so
7f6fb77f9000-7f6fb79f8000 ---p 00004000 08:01 24249972                   /usr/lib/jvm/java-7-openjdk-amd64/jre/lib/amd64/libdt_socket.so
7f6fb79f8000-7f6fb79f9000 r--p 00003000 08:01 24249972                   /usr/lib/jvm/java-7-openjdk-amd64/jre/lib/amd64/libdt_socket.so
7f6fb79f9000-7f6fb79fa000 rw-p 00004000 08:01 24249972                   /usr/lib/jvm/java-7-openjdk-amd64/jre/lib/amd64/libdt_socket.so
7f6fb79fa000-7f6fb79fd000 ---p 00000000 00:00 0 
7f6fb79fd000-7f6fb7afb000 rw-p 00000000 00:00 0 
7f6fb7afb000-7f6fb7afe000 ---p 00000000 00:00 0 
7f6fb7afe000-7f6fb7bfc000 rw-p 00000000 00:00 0 
7f6fb7bfc000-7f6fb7bff000 ---p 00000000 00:00 0 
7f6fb7bff000-7f6fb7cfd000 rw-p 00000000 00:00 0 
7f6fb7cfd000-7f6fb7cfe000 ---p 00000000 00:00 0 
7f6fb7cfe000-7f6fb8000000 rw-p 00000000 00:00 0 
7f6fb8000000-7f6fb8021000 rw-p 00000000 00:00 0 
7f6fb8021000-7f6fbc000000 ---p 00000000 00:00 0 
7f6fbc000000-7f6fbc021000 rw-p 00000000 00:00 0 
7f6fbc021000-7f6fc0000000 ---p 00000000 00:00 0 
7f6fc0000000-7f6fc0021000 rw-p 00000000 00:00 0 
7f6fc0021000-7f6fc4000000 ---p 00000000 00:00 0 
7f6fc4036000-7f6fc403c000 r--s 0004b000 08:01 25559719                   /home/amit/Downloads/jfreechart-1.0.19/lib/jcommon-1.0.23.jar
7f6fc403c000-7f6fc404d000 r--s 0016f000 08:01 25559722                   /home/amit/Downloads/jfreechart-1.0.19/lib/jfreechart-1.0.19.jar
7f6fc404d000-7f6fc406d000 r--s 001a9000 08:01 31198657                   /home/amit/workspace/Nway/lib/poi-3.9-20121203.jar
7f6fc406d000-7f6fc5000000 rw-p 00000000 00:00 0 
7f6fc5000000-7f6fc5270000 rwxp 00000000 00:00 0 
7f6fc5270000-7f6fc8234000 rw-p 00000000 00:00 0 
7f6fc8234000-7f6fcc000000 ---p 00000000 00:00 0 
7f6fcc003000-7f6fccafc000 rw-p 00000000 00:00 0 
7f6fccafc000-7f6fcccae000 r--s 01d32000 08:01 24249993                   /usr/lib/jvm/java-7-openjdk-amd64/jre/lib/rt.jar
7f6fcccae000-7f6fcd1fb000 rw-p 00000000 00:00 0 
7f6fcd1fb000-7f6fcd1fc000 ---p 00000000 00:00 0 
7f6fcd1fc000-7f6fcd2fc000 rw-p 00000000 00:00 0 
7f6fcd2fc000-7f6fcd2fd000 ---p 00000000 00:00 0 
7f6fcd2fd000-7f6fcd3fd000 rw-p 00000000 00:00 0 
7f6fcd3fd000-7f6fcd3fe000 ---p 00000000 00:00 0 
7f6fcd3fe000-7f6fcd4fe000 rw-p 00000000 00:00 0 
7f6fcd4fe000-7f6fcd4ff000 ---p 00000000 00:00 0 
7f6fcd4ff000-7f6fcd5ff000 rw-p 00000000 00:00 0 
7f6fcd5ff000-7f6fcd600000 ---p 00000000 00:00 0 
7f6fcd600000-7f6fcd700000 rw-p 00000000 00:00 0 
7f6fcd700000-7f6fcd701000 ---p 00000000 00:00 0 
7f6fcd701000-7f6fcd801000 rw-p 00000000 00:00 0 
7f6fcd801000-7f6fcd802000 ---p 00000000 00:00 0 
7f6fcd802000-7f6fcd902000 rw-p 00000000 00:00 0 
7f6fcd902000-7f6fcd903000 ---p 00000000 00:00 0 
7f6fcd903000-7f6fcda0e000 rw-p 00000000 00:00 0 
7f6fcda0e000-7f6fcda56000 rw-p 00000000 00:00 0 
7f6fcda56000-7f6fcda7f000 rw-p 00000000 00:00 0 
7f6fcda7f000-7f6fcdce6000 rw-p 00000000 00:00 0 
7f6fcdce6000-7f6fcdcf1000 rw-p 00000000 00:00 0 
7f6fcdcf1000-7f6fcdd39000 rw-p 00000000 00:00 0 
7f6fcdd39000-7f6fcdd62000 rw-p 00000000 00:00 0 
7f6fcdd62000-7f6fcdfc8000 rw-p 00000000 00:00 0 
7f6fcdfc8000-7f6fcdfdd000 rw-p 00000000 00:00 0 
7f6fcdfdd000-7f6fce110000 rw-p 00000000 00:00 0 
7f6fce110000-7f6fce111000 rw-p 00000000 00:00 0 
7f6fce111000-7f6fce119000 r-xp 00000000 08:01 24249960                   /usr/lib/jvm/java-7-openjdk-amd64/jre/lib/amd64/libzip.so
7f6fce119000-7f6fce318000 ---p 00008000 08:01 24249960                   /usr/lib/jvm/java-7-openjdk-amd64/jre/lib/amd64/libzip.so
7f6fce318000-7f6fce319000 r--p 00007000 08:01 24249960                   /usr/lib/jvm/java-7-openjdk-amd64/jre/lib/amd64/libzip.so
7f6fce319000-7f6fce31a000 rw-p 00008000 08:01 24249960                   /usr/lib/jvm/java-7-openjdk-amd64/jre/lib/amd64/libzip.so
7f6fce31a000-7f6fce324000 r-xp 00000000 08:01 27525223                   /lib/x86_64-linux-gnu/libnss_files-2.19.so
7f6fce324000-7f6fce523000 ---p 0000a000 08:01 27525223                   /lib/x86_64-linux-gnu/libnss_files-2.19.so
7f6fce523000-7f6fce524000 r--p 00009000 08:01 27525223                   /lib/x86_64-linux-gnu/libnss_files-2.19.so
7f6fce524000-7f6fce525000 rw-p 0000a000 08:01 27525223                   /lib/x86_64-linux-gnu/libnss_files-2.19.so
7f6fce525000-7f6fce530000 r-xp 00000000 08:01 27525215                   /lib/x86_64-linux-gnu/libnss_nis-2.19.so
7f6fce530000-7f6fce72f000 ---p 0000b000 08:01 27525215                   /lib/x86_64-linux-gnu/libnss_nis-2.19.so
7f6fce72f000-7f6fce730000 r--p 0000a000 08:01 27525215                   /lib/x86_64-linux-gnu/libnss_nis-2.19.so
7f6fce730000-7f6fce731000 rw-p 0000b000 08:01 27525215                   /lib/x86_64-linux-gnu/libnss_nis-2.19.so
7f6fce731000-7f6fce748000 r-xp 00000000 08:01 27525211                   /lib/x86_64-linux-gnu/libnsl-2.19.so
7f6fce748000-7f6fce947000 ---p 00017000 08:01 27525211                   /lib/x86_64-linux-gnu/libnsl-2.19.so
7f6fce947000-7f6fce948000 r--p 00016000 08:01 27525211                   /lib/x86_64-linux-gnu/libnsl-2.19.so
7f6fce948000-7f6fce949000 rw-p 00017000 08:01 27525211                   /lib/x86_64-linux-gnu/libnsl-2.19.so
7f6fce949000-7f6fce94b000 rw-p 00000000 00:00 0 
7f6fce94b000-7f6fce954000 r-xp 00000000 08:01 27525210                   /lib/x86_64-linux-gnu/libnss_compat-2.19.so
7f6fce954000-7f6fceb53000 ---p 00009000 08:01 27525210                   /lib/x86_64-linux-gnu/libnss_compat-2.19.so
7f6fceb53000-7f6fceb54000 r--p 00008000 08:01 27525210                   /lib/x86_64-linux-gnu/libnss_compat-2.19.so
7f6fceb54000-7f6fceb55000 rw-p 00009000 08:01 27525210                   /lib/x86_64-linux-gnu/libnss_compat-2.19.so
7f6fceb55000-7f6fcf237000 r--p 00000000 08:01 19143167                   /usr/lib/locale/locale-archive
7f6fcf237000-7f6fcf239000 r-xp 00000000 08:01 24249940                   /usr/lib/jvm/java-7-openjdk-amd64/jre/lib/amd64/libnpt.so
7f6fcf239000-7f6fcf439000 ---p 00002000 08:01 24249940                   /usr/lib/jvm/java-7-openjdk-amd64/jre/lib/amd64/libnpt.so
7f6fcf439000-7f6fcf43a000 r--p 00002000 08:01 24249940                   /usr/lib/jvm/java-7-openjdk-amd64/jre/lib/amd64/libnpt.so
7f6fcf43a000-7f6fcf43b000 rw-p 00003000 08:01 24249940                   /usr/lib/jvm/java-7-openjdk-amd64/jre/lib/amd64/libnpt.so
7f6fcf43b000-7f6fcf475000 r-xp 00000000 08:01 24249941                   /usr/lib/jvm/java-7-openjdk-amd64/jre/lib/amd64/libjdwp.so
7f6fcf475000-7f6fcf674000 ---p 0003a000 08:01 24249941                   /usr/lib/jvm/java-7-openjdk-amd64/jre/lib/amd64/libjdwp.so
7f6fcf674000-7f6fcf675000 r--p 00039000 08:01 24249941                   /usr/lib/jvm/java-7-openjdk-amd64/jre/lib/amd64/libjdwp.so
7f6fcf675000-7f6fcf676000 rw-p 0003a000 08:01 24249941                   /usr/lib/jvm/java-7-openjdk-amd64/jre/lib/amd64/libjdwp.so
7f6fcf676000-7f6fcf6a1000 r-xp 00000000 08:01 24249945                   /usr/lib/jvm/java-7-openjdk-amd64/jre/lib/amd64/libjava.so
7f6fcf6a1000-7f6fcf8a1000 ---p 0002b000 08:01 24249945                   /usr/lib/jvm/java-7-openjdk-amd64/jre/lib/amd64/libjava.so
7f6fcf8a1000-7f6fcf8a2000 r--p 0002b000 08:01 24249945                   /usr/lib/jvm/java-7-openjdk-amd64/jre/lib/amd64/libjava.so
7f6fcf8a2000-7f6fcf8a4000 rw-p 0002c000 08:01 24249945                   /usr/lib/jvm/java-7-openjdk-amd64/jre/lib/amd64/libjava.so
7f6fcf8a4000-7f6fcf8b4000 r-xp 00000000 08:01 24249946                   /usr/lib/jvm/java-7-openjdk-amd64/jre/lib/amd64/libverify.so
7f6fcf8b4000-7f6fcfab3000 ---p 00010000 08:01 24249946                   /usr/lib/jvm/java-7-openjdk-amd64/jre/lib/amd64/libverify.so
7f6fcfab3000-7f6fcfab5000 r--p 0000f000 08:01 24249946                   /usr/lib/jvm/java-7-openjdk-amd64/jre/lib/amd64/libverify.so
7f6fcfab5000-7f6fcfab6000 rw-p 00011000 08:01 24249946                   /usr/lib/jvm/java-7-openjdk-amd64/jre/lib/amd64/libverify.so
7f6fcfab6000-7f6fcfabd000 r-xp 00000000 08:01 27525219                   /lib/x86_64-linux-gnu/librt-2.19.so
7f6fcfabd000-7f6fcfcbc000 ---p 00007000 08:01 27525219                   /lib/x86_64-linux-gnu/librt-2.19.so
7f6fcfcbc000-7f6fcfcbd000 r--p 00006000 08:01 27525219                   /lib/x86_64-linux-gnu/librt-2.19.so
7f6fcfcbd000-7f6fcfcbe000 rw-p 00007000 08:01 27525219                   /lib/x86_64-linux-gnu/librt-2.19.so
7f6fcfcbe000-7f6fcfcd4000 r-xp 00000000 08:01 27529429                   /lib/x86_64-linux-gnu/libgcc_s.so.1
7f6fcfcd4000-7f6fcfed3000 ---p 00016000 08:01 27529429                   /lib/x86_64-linux-gnu/libgcc_s.so.1
7f6fcfed3000-7f6fcfed4000 rw-p 00015000 08:01 27529429                   /lib/x86_64-linux-gnu/libgcc_s.so.1
7f6fcfed4000-7f6fcffd9000 r-xp 00000000 08:01 27525139                   /lib/x86_64-linux-gnu/libm-2.19.so
7f6fcffd9000-7f6fd01d8000 ---p 00105000 08:01 27525139                   /lib/x86_64-linux-gnu/libm-2.19.so
7f6fd01d8000-7f6fd01d9000 r--p 00104000 08:01 27525139                   /lib/x86_64-linux-gnu/libm-2.19.so
7f6fd01d9000-7f6fd01da000 rw-p 00105000 08:01 27525139                   /lib/x86_64-linux-gnu/libm-2.19.so
7f6fd01da000-7f6fd02c0000 r-xp 00000000 08:01 19136535                   /usr/lib/x86_64-linux-gnu/libstdc++.so.6.0.19
7f6fd02c0000-7f6fd04bf000 ---p 000e6000 08:01 19136535                   /usr/lib/x86_64-linux-gnu/libstdc++.so.6.0.19
7f6fd04bf000-7f6fd04c7000 r--p 000e5000 08:01 19136535                   /usr/lib/x86_64-linux-gnu/libstdc++.so.6.0.19
7f6fd04c7000-7f6fd04c9000 rw-p 000ed000 08:01 19136535                   /usr/lib/x86_64-linux-gnu/libstdc++.so.6.0.19
7f6fd04c9000-7f6fd04de000 rw-p 00000000 00:00 0 
7f6fd04de000-7f6fd1003000 r-xp 00000000 08:01 24249958                   /usr/lib/jvm/java-7-openjdk-amd64/jre/lib/amd64/server/libjvm.so
7f6fd1003000-7f6fd1203000 ---p 00b25000 08:01 24249958                   /usr/lib/jvm/java-7-openjdk-amd64/jre/lib/amd64/server/libjvm.so
7f6fd1203000-7f6fd129d000 r--p 00b25000 08:01 24249958                   /usr/lib/jvm/java-7-openjdk-amd64/jre/lib/amd64/server/libjvm.so
7f6fd129d000-7f6fd12c0000 rw-p 00bbf000 08:01 24249958                   /usr/lib/jvm/java-7-openjdk-amd64/jre/lib/amd64/server/libjvm.so
7f6fd12c0000-7f6fd12ef000 rw-p 00000000 00:00 0 
7f6fd12ef000-7f6fd1307000 r-xp 00000000 08:01 27529565                   /lib/x86_64-linux-gnu/libz.so.1.2.8
7f6fd1307000-7f6fd1506000 ---p 00018000 08:01 27529565                   /lib/x86_64-linux-gnu/libz.so.1.2.8
7f6fd1506000-7f6fd1507000 r--p 00017000 08:01 27529565                   /lib/x86_64-linux-gnu/libz.so.1.2.8
7f6fd1507000-7f6fd1508000 rw-p 00018000 08:01 27529565                   /lib/x86_64-linux-gnu/libz.so.1.2.8
7f6fd1508000-7f6fd1521000 r-xp 00000000 08:01 27525212                   /lib/x86_64-linux-gnu/libpthread-2.19.so
7f6fd1521000-7f6fd1720000 ---p 00019000 08:01 27525212                   /lib/x86_64-linux-gnu/libpthread-2.19.so
7f6fd1720000-7f6fd1721000 r--p 00018000 08:01 27525212                   /lib/x86_64-linux-gnu/libpthread-2.19.so
7f6fd1721000-7f6fd1722000 rw-p 00019000 08:01 27525212                   /lib/x86_64-linux-gnu/libpthread-2.19.so
7f6fd1722000-7f6fd1726000 rw-p 00000000 00:00 0 
7f6fd1726000-7f6fd1729000 r-xp 00000000 08:01 27525149                   /lib/x86_64-linux-gnu/libdl-2.19.so
7f6fd1729000-7f6fd1928000 ---p 00003000 08:01 27525149                   /lib/x86_64-linux-gnu/libdl-2.19.so
7f6fd1928000-7f6fd1929000 r--p 00002000 08:01 27525149                   /lib/x86_64-linux-gnu/libdl-2.19.so
7f6fd1929000-7f6fd192a000 rw-p 00003000 08:01 27525149                   /lib/x86_64-linux-gnu/libdl-2.19.so
7f6fd192a000-7f6fd1ae4000 r-xp 00000000 08:01 27525220                   /lib/x86_64-linux-gnu/libc-2.19.so
7f6fd1ae4000-7f6fd1ce4000 ---p 001ba000 08:01 27525220                   /lib/x86_64-linux-gnu/libc-2.19.so
7f6fd1ce4000-7f6fd1ce8000 r--p 001ba000 08:01 27525220                   /lib/x86_64-linux-gnu/libc-2.19.so
7f6fd1ce8000-7f6fd1cea000 rw-p 001be000 08:01 27525220                   /lib/x86_64-linux-gnu/libc-2.19.so
7f6fd1cea000-7f6fd1cef000 rw-p 00000000 00:00 0 
7f6fd1cef000-7f6fd1cfc000 r-xp 00000000 08:01 24249975                   /usr/lib/jvm/java-7-openjdk-amd64/jre/lib/amd64/jli/libjli.so
7f6fd1cfc000-7f6fd1efb000 ---p 0000d000 08:01 24249975                   /usr/lib/jvm/java-7-openjdk-amd64/jre/lib/amd64/jli/libjli.so
7f6fd1efb000-7f6fd1efc000 r--p 0000c000 08:01 24249975                   /usr/lib/jvm/java-7-openjdk-amd64/jre/lib/amd64/jli/libjli.so
7f6fd1efc000-7f6fd1efd000 rw-p 0000d000 08:01 24249975                   /usr/lib/jvm/java-7-openjdk-amd64/jre/lib/amd64/jli/libjli.so
7f6fd1efd000-7f6fd1f20000 r-xp 00000000 08:01 27525213                   /lib/x86_64-linux-gnu/ld-2.19.so
7f6fd1f20000-7f6fd1f21000 rw-p 00000000 00:00 0 
7f6fd1f21000-7f6fd1f22000 r--s 00003000 08:01 25559720                   /home/amit/Downloads/jfreechart-1.0.19/lib/jfreechart-1.0.19-experimental.jar
7f6fd1f22000-7f6fd1f24000 r--s 00012000 08:01 25559721                   /home/amit/Downloads/jfreechart-1.0.19/lib/jfreechart-1.0.19-swt.jar
7f6fd1f24000-7f6fd1f26000 r--s 0000b000 08:01 25559723                   /home/amit/Downloads/jfreechart-1.0.19/lib/jfreesvg-2.0.jar
7f6fd1f26000-7f6fd1f2c000 r--s 00036000 08:01 25559724                   /home/amit/Downloads/jfreechart-1.0.19/lib/junit-4.11.jar
7f6fd1f2c000-7f6fd1f33000 r--s 00066000 08:01 25559725                   /home/amit/Downloads/jfreechart-1.0.19/lib/orsoncharts-1.4-eval-nofx.jar
7f6fd1f33000-7f6fd1f35000 r--s 00010000 08:01 25559726                   /home/amit/Downloads/jfreechart-1.0.19/lib/orsonpdf-1.6-eval.jar
7f6fd1f35000-7f6fd1f38000 r--s 00011000 08:01 25559727                   /home/amit/Downloads/jfreechart-1.0.19/lib/servlet.jar
7f6fd1f38000-7f6fd1f39000 r--s 00004000 08:01 25559728                   /home/amit/Downloads/jfreechart-1.0.19/lib/swtgraphics2d.jar
7f6fd1f39000-7f6fd1f3d000 r--s 00085000 08:01 24250010                   /usr/lib/jvm/java-7-openjdk-amd64/jre/lib/ext/localedata.jar
7f6fd1f3d000-7f6fd1f3f000 r--s 00006000 08:01 19534909                   /usr/share/java/java-atk-wrapper.jar
7f6fd1f3f000-7f6fd1f49000 rw-p 00000000 00:00 0 
7f6fd1f49000-7f6fd1fff000 rw-p 00000000 00:00 0 
7f6fd1fff000-7f6fd2002000 ---p 00000000 00:00 0 
7f6fd2002000-7f6fd2105000 rw-p 00000000 00:00 0 
7f6fd2105000-7f6fd2106000 r--s 00002000 08:01 24250006                   /usr/lib/jvm/java-7-openjdk-amd64/jre/lib/ext/dnsns.jar
7f6fd2106000-7f6fd210a000 r--s 0003c000 08:01 24250011                   /usr/lib/jvm/java-7-openjdk-amd64/jre/lib/ext/sunpkcs11.jar
7f6fd210a000-7f6fd210d000 r--s 0000f000 08:01 24250009                   /usr/lib/jvm/java-7-openjdk-amd64/jre/lib/ext/icedtea-sound.jar
7f6fd210d000-7f6fd2111000 r--s 00034000 08:01 24250008                   /usr/lib/jvm/java-7-openjdk-amd64/jre/lib/ext/sunjce_provider.jar
7f6fd2111000-7f6fd2113000 r--s 00012000 08:01 24250007                   /usr/lib/jvm/java-7-openjdk-amd64/jre/lib/ext/zipfs.jar
7f6fd2113000-7f6fd211b000 rw-s 00000000 08:01 43515969                   /tmp/hsperfdata_amit/8769
7f6fd211b000-7f6fd211c000 rw-p 00000000 00:00 0 
7f6fd211c000-7f6fd211d000 r--p 00000000 00:00 0 
7f6fd211d000-7f6fd211f000 rw-p 00000000 00:00 0 
7f6fd211f000-7f6fd2120000 r--p 00022000 08:01 27525213                   /lib/x86_64-linux-gnu/ld-2.19.so
7f6fd2120000-7f6fd2121000 rw-p 00023000 08:01 27525213                   /lib/x86_64-linux-gnu/ld-2.19.so
7f6fd2121000-7f6fd2122000 rw-p 00000000 00:00 0 
7ffc226a4000-7ffc226cc000 rw-p 00000000 00:00 0                          [stack]
7ffc227bd000-7ffc227bf000 r--p 00000000 00:00 0                          [vvar]
7ffc227bf000-7ffc227c1000 r-xp 00000000 00:00 0                          [vdso]
ffffffffff600000-ffffffffff601000 r-xp 00000000 00:00 0                  [vsyscall]

VM Arguments:
jvm_args: -agentlib:jdwp=transport=dt_socket,suspend=y,address=localhost:45706 -Dfile.encoding=UTF-8 
java_command: core.Main
Launcher Type: SUN_STANDARD

Environment Variables:
PATH=/usr/local/sbin:/usr/local/bin:/usr/sbin:/usr/bin:/sbin:/bin:/usr/games:/usr/local/games
SHELL=/bin/bash
DISPLAY=:0

Signal Handlers:
SIGSEGV: [libjvm.so+0x9561e0], sa_mask[0]=0x7ffbfeff, sa_flags=0x10000004
SIGBUS: [libjvm.so+0x9561e0], sa_mask[0]=0x7ffbfeff, sa_flags=0x10000004
SIGFPE: [libjvm.so+0x7cc4d0], sa_mask[0]=0x7ffbfeff, sa_flags=0x10000004
SIGPIPE: [libjvm.so+0x7cc4d0], sa_mask[0]=0x7ffbfeff, sa_flags=0x10000004
SIGXFSZ: [libjvm.so+0x7cc4d0], sa_mask[0]=0x7ffbfeff, sa_flags=0x10000004
SIGILL: [libjvm.so+0x7cc4d0], sa_mask[0]=0x7ffbfeff, sa_flags=0x10000004
SIGUSR1: SIG_DFL, sa_mask[0]=0x00000000, sa_flags=0x00000000
SIGUSR2: [libjvm.so+0x7cc370], sa_mask[0]=0x00000004, sa_flags=0x10000004
SIGHUP: [libjvm.so+0x7cc550], sa_mask[0]=0x7ffbfeff, sa_flags=0x10000004
SIGINT: [libjvm.so+0x7cc550], sa_mask[0]=0x7ffbfeff, sa_flags=0x10000004
SIGTERM: [libjvm.so+0x7cc550], sa_mask[0]=0x7ffbfeff, sa_flags=0x10000004
SIGQUIT: [libjvm.so+0x7cc550], sa_mask[0]=0x7ffbfeff, sa_flags=0x10000004
SIGTRAP: SIG_DFL, sa_mask[0]=0x00000000, sa_flags=0x00000000


---------------  S Y S T E M  ---------------

OS:Ubuntu 14.04 (trusty)
uname:Linux 4.2.0-42-generic #49~14.04.1-Ubuntu SMP Wed Jun 29 20:22:11 UTC 2016 x86_64
libc:glibc 2.19 NPTL 2.19 
rlimit: STACK 8192k, CORE 0k, NPROC 31367, NOFILE 4096, AS infinity
load average:2.29 0.93 0.67

/proc/meminfo:
MemTotal:        8052268 kB
MemFree:         3323612 kB
MemAvailable:    5041840 kB
Buffers:          370876 kB
Cached:          1769660 kB
SwapCached:            0 kB
Active:          3267936 kB
Inactive:        1078228 kB
Active(anon):    2207844 kB
Inactive(anon):   392452 kB
Active(file):    1060092 kB
Inactive(file):   685776 kB
Unevictable:          32 kB
Mlocked:              32 kB
SwapTotal:       8265724 kB
SwapFree:        8265724 kB
Dirty:              4244 kB
Writeback:             0 kB
AnonPages:       2205720 kB
Mapped:           524224 kB
Shmem:            394628 kB
Slab:             264836 kB
SReclaimable:     225764 kB
SUnreclaim:        39072 kB
KernelStack:       11504 kB
PageTables:        40428 kB
NFS_Unstable:          0 kB
Bounce:                0 kB
WritebackTmp:          0 kB
CommitLimit:    12291856 kB
Committed_AS:    7342704 kB
VmallocTotal:   34359738367 kB
VmallocUsed:      362120 kB
VmallocChunk:   34358945788 kB
HardwareCorrupted:     0 kB
AnonHugePages:    980992 kB
CmaTotal:              0 kB
CmaFree:               0 kB
HugePages_Total:       0
HugePages_Free:        0
HugePages_Rsvd:        0
HugePages_Surp:        0
Hugepagesize:       2048 kB
DirectMap4k:      148944 kB
DirectMap2M:     8118272 kB


CPU:total 8 (4 cores per cpu, 2 threads per core) family 6 model 42 stepping 7, cmov, cx8, fxsr, mmx, sse, sse2, sse3, ssse3, sse4.1, sse4.2, popcnt, avx, aes, ht, tsc, tscinvbit

/proc/cpuinfo:
processor	: 0
vendor_id	: GenuineIntel
cpu family	: 6
model		: 42
model name	: Intel(R) Core(TM) i7-2600 CPU @ 3.40GHz
stepping	: 7
microcode	: 0x23
cpu MHz		: 3658.320
cache size	: 8192 KB
physical id	: 0
siblings	: 8
core id		: 0
cpu cores	: 4
apicid		: 0
initial apicid	: 0
fpu		: yes
fpu_exception	: yes
cpuid level	: 13
wp		: yes
flags		: fpu vme de pse tsc msr pae mce cx8 apic sep mtrr pge mca cmov pat pse36 clflush dts acpi mmx fxsr sse sse2 ss ht tm pbe syscall nx rdtscp lm constant_tsc arch_perfmon pebs bts rep_good nopl xtopology nonstop_tsc aperfmperf eagerfpu pni pclmulqdq dtes64 monitor ds_cpl vmx smx est tm2 ssse3 cx16 xtpr pdcm pcid sse4_1 sse4_2 x2apic popcnt tsc_deadline_timer aes xsave avx lahf_lm ida arat epb pln pts dtherm tpr_shadow vnmi flexpriority ept vpid xsaveopt
bugs		:
bogomips	: 6784.33
clflush size	: 64
cache_alignment	: 64
address sizes	: 36 bits physical, 48 bits virtual
power management:

processor	: 1
vendor_id	: GenuineIntel
cpu family	: 6
model		: 42
model name	: Intel(R) Core(TM) i7-2600 CPU @ 3.40GHz
stepping	: 7
microcode	: 0x23
cpu MHz		: 3629.101
cache size	: 8192 KB
physical id	: 0
siblings	: 8
core id		: 1
cpu cores	: 4
apicid		: 2
initial apicid	: 2
fpu		: yes
fpu_exception	: yes
cpuid level	: 13
wp		: yes
flags		: fpu vme de pse tsc msr pae mce cx8 apic sep mtrr pge mca cmov pat pse36 clflush dts acpi mmx fxsr sse sse2 ss ht tm pbe syscall nx rdtscp lm constant_tsc arch_perfmon pebs bts rep_good nopl xtopology nonstop_tsc aperfmperf eagerfpu pni pclmulqdq dtes64 monitor ds_cpl vmx smx est tm2 ssse3 cx16 xtpr pdcm pcid sse4_1 sse4_2 x2apic popcnt tsc_deadline_timer aes xsave avx lahf_lm ida arat epb pln pts dtherm tpr_shadow vnmi flexpriority ept vpid xsaveopt
bugs		:
bogomips	: 6784.33
clflush size	: 64
cache_alignment	: 64
address sizes	: 36 bits physical, 48 bits virtual
power management:

processor	: 2
vendor_id	: GenuineIntel
cpu family	: 6
model		: 42
model name	: Intel(R) Core(TM) i7-2600 CPU @ 3.40GHz
stepping	: 7
microcode	: 0x23
cpu MHz		: 3578.101
cache size	: 8192 KB
physical id	: 0
siblings	: 8
core id		: 2
cpu cores	: 4
apicid		: 4
initial apicid	: 4
fpu		: yes
fpu_exception	: yes
cpuid level	: 13
wp		: yes
flags		: fpu vme de pse tsc msr pae mce cx8 apic sep mtrr pge mca cmov pat pse36 clflush dts acpi mmx fxsr sse sse2 ss ht tm pbe syscall nx rdtscp lm constant_tsc arch_perfmon pebs bts rep_good nopl xtopology nonstop_tsc aperfmperf eagerfpu pni pclmulqdq dtes64 monitor ds_cpl vmx smx est tm2 ssse3 cx16 xtpr pdcm pcid sse4_1 sse4_2 x2apic popcnt tsc_deadline_timer aes xsave avx lahf_lm ida arat epb pln pts dtherm tpr_shadow vnmi flexpriority ept vpid xsaveopt
bugs		:
bogomips	: 6784.33
clflush size	: 64
cache_alignment	: 64
address sizes	: 36 bits physical, 48 bits virtual
power management:

processor	: 3
vendor_id	: GenuineIntel
cpu family	: 6
model		: 42
model name	: Intel(R) Core(TM) i7-2600 CPU @ 3.40GHz
stepping	: 7
microcode	: 0x23
cpu MHz		: 3667.617
cache size	: 8192 KB
physical id	: 0
siblings	: 8
core id		: 3
cpu cores	: 4
apicid		: 6
initial apicid	: 6
fpu		: yes
fpu_exception	: yes
cpuid level	: 13
wp		: yes
flags		: fpu vme de pse tsc msr pae mce cx8 apic sep mtrr pge mca cmov pat pse36 clflush dts acpi mmx fxsr sse sse2 ss ht tm pbe syscall nx rdtscp lm constant_tsc arch_perfmon pebs bts rep_good nopl xtopology nonstop_tsc aperfmperf eagerfpu pni pclmulqdq dtes64 monitor ds_cpl vmx smx est tm2 ssse3 cx16 xtpr pdcm pcid sse4_1 sse4_2 x2apic popcnt tsc_deadline_timer aes xsave avx lahf_lm ida arat epb pln pts dtherm tpr_shadow vnmi flexpriority ept vpid xsaveopt
bugs		:
bogomips	: 6784.33
clflush size	: 64
cache_alignment	: 64
address sizes	: 36 bits physical, 48 bits virtual
power management:

processor	: 4
vendor_id	: GenuineIntel
cpu family	: 6
model		: 42
model name	: Intel(R) Core(TM) i7-2600 CPU @ 3.40GHz
stepping	: 7
microcode	: 0x23
cpu MHz		: 3605.726
cache size	: 8192 KB
physical id	: 0
siblings	: 8
core id		: 0
cpu cores	: 4
apicid		: 1
initial apicid	: 1
fpu		: yes
fpu_exception	: yes
cpuid level	: 13
wp		: yes
flags		: fpu vme de pse tsc msr pae mce cx8 apic sep mtrr pge mca cmov pat pse36 clflush dts acpi mmx fxsr sse sse2 ss ht tm pbe syscall nx rdtscp lm constant_tsc arch_perfmon pebs bts rep_good nopl xtopology nonstop_tsc aperfmperf eagerfpu pni pclmulqdq dtes64 monitor ds_cpl vmx smx est tm2 ssse3 cx16 xtpr pdcm pcid sse4_1 sse4_2 x2apic popcnt tsc_deadline_timer aes xsave avx lahf_lm ida arat epb pln pts dtherm tpr_shadow vnmi flexpriority ept vpid xsaveopt
bugs		:
bogomips	: 6784.33
clflush size	: 64
cache_alignment	: 64
address sizes	: 36 bits physical, 48 bits virtual
power management:

processor	: 5
vendor_id	: GenuineIntel
cpu family	: 6
model		: 42
model name	: Intel(R) Core(TM) i7-2600 CPU @ 3.40GHz
stepping	: 7
microcode	: 0x23
cpu MHz		: 3611.171
cache size	: 8192 KB
physical id	: 0
siblings	: 8
core id		: 1
cpu cores	: 4
apicid		: 3
initial apicid	: 3
fpu		: yes
fpu_exception	: yes
cpuid level	: 13
wp		: yes
flags		: fpu vme de pse tsc msr pae mce cx8 apic sep mtrr pge mca cmov pat pse36 clflush dts acpi mmx fxsr sse sse2 ss ht tm pbe syscall nx rdtscp lm constant_tsc arch_perfmon pebs bts rep_good nopl xtopology nonstop_tsc aperfmperf eagerfpu pni pclmulqdq dtes64 monitor ds_cpl vmx smx est tm2 ssse3 cx16 xtpr pdcm pcid sse4_1 sse4_2 x2apic popcnt tsc_deadline_timer aes xsave avx lahf_lm ida arat epb pln pts dtherm tpr_shadow vnmi flexpriority ept vpid xsaveopt
bugs		:
bogomips	: 6784.33
clflush size	: 64
cache_alignment	: 64
address sizes	: 36 bits physical, 48 bits virtual
power management:

processor	: 6
vendor_id	: GenuineIntel
cpu family	: 6
model		: 42
model name	: Intel(R) Core(TM) i7-2600 CPU @ 3.40GHz
stepping	: 7
microcode	: 0x23
cpu MHz		: 3109.273
cache size	: 8192 KB
physical id	: 0
siblings	: 8
core id		: 2
cpu cores	: 4
apicid		: 5
initial apicid	: 5
fpu		: yes
fpu_exception	: yes
cpuid level	: 13
wp		: yes
flags		: fpu vme de pse tsc msr pae mce cx8 apic sep mtrr pge mca cmov pat pse36 clflush dts acpi mmx fxsr sse sse2 ss ht tm pbe syscall nx rdtscp lm constant_tsc arch_perfmon pebs bts rep_good nopl xtopology nonstop_tsc aperfmperf eagerfpu pni pclmulqdq dtes64 monitor ds_cpl vmx smx est tm2 ssse3 cx16 xtpr pdcm pcid sse4_1 sse4_2 x2apic popcnt tsc_deadline_timer aes xsave avx lahf_lm ida arat epb pln pts dtherm tpr_shadow vnmi flexpriority ept vpid xsaveopt
bugs		:
bogomips	: 6784.33
clflush size	: 64
cache_alignment	: 64
address sizes	: 36 bits physical, 48 bits virtual
power management:

processor	: 7
vendor_id	: GenuineIntel
cpu family	: 6
model		: 42
model name	: Intel(R) Core(TM) i7-2600 CPU @ 3.40GHz
stepping	: 7
microcode	: 0x23
cpu MHz		: 3720.742
cache size	: 8192 KB
physical id	: 0
siblings	: 8
core id		: 3
cpu cores	: 4
apicid		: 7
initial apicid	: 7
fpu		: yes
fpu_exception	: yes
cpuid level	: 13
wp		: yes
flags		: fpu vme de pse tsc msr pae mce cx8 apic sep mtrr pge mca cmov pat pse36 clflush dts acpi mmx fxsr sse sse2 ss ht tm pbe syscall nx rdtscp lm constant_tsc arch_perfmon pebs bts rep_good nopl xtopology nonstop_tsc aperfmperf eagerfpu pni pclmulqdq dtes64 monitor ds_cpl vmx smx est tm2 ssse3 cx16 xtpr pdcm pcid sse4_1 sse4_2 x2apic popcnt tsc_deadline_timer aes xsave avx lahf_lm ida arat epb pln pts dtherm tpr_shadow vnmi flexpriority ept vpid xsaveopt
bugs		:
bogomips	: 6784.33
clflush size	: 64
cache_alignment	: 64
address sizes	: 36 bits physical, 48 bits virtual
power management:



Memory: 4k page, physical 8052268k(3323612k free), swap 8265724k(8265724k free)

vm_info: OpenJDK 64-Bit Server VM (24.95-b01) for linux-amd64 JRE (1.7.0_101-b00), built on Apr 24 2016 20:39:29 by "buildd" with gcc 4.8.2

time: Tue Aug  9 15:03:41 2016
elapsed time: 3988 seconds

