#
# A fatal error has been detected by the Java Runtime Environment:
#
#  SIGSEGV (0xb) at pc=0x00007fdae4fe4d10, pid=21630, tid=140577293571840
#
# JRE version: OpenJDK Runtime Environment (7.0_101) (build 1.7.0_101-b00)
# Java VM: OpenJDK 64-Bit Server VM (24.95-b01 mixed mode linux-amd64 compressed oops)
# Derivative: IcedTea 2.6.6
# Distribution: Ubuntu 14.04 LTS, package 7u101-2.6.6-0ubuntu0.14.04.1
# Problematic frame:
# V  [libjvm.so+0x645d10]
#
# Failed to write core dump. Core dumps have been disabled. To enable core dumping, try "ulimit -c unlimited" before starting Java again
#
# If you would like to submit a bug report, please include
# instructions on how to reproduce the bug and visit:
#   http://icedtea.classpath.org/bugzilla
#

---------------  T H R E A D  ---------------

Current thread (0x00007fdae00d3000):  JavaThread "JDWP Transport Listener: dt_socket" daemon [_thread_in_vm, id=21651, stack(0x00007fdab3959000,0x00007fdab3a5a000)]

siginfo:si_signo=SIGSEGV: si_errno=0, si_code=1 (SEGV_MAPERR), si_addr=0x0000000000000140

Registers:
RAX=0x0000000000000063, RBX=0x00007fdae00117a0, RCX=0x00007fdae5be2320, RDX=0x0000000000000001
RSP=0x00007fdab3a589d0, RBP=0x00007fdab3a58a30, RSI=0x00007fdae00d3000, RDI=0x00007fdae00117a0
R8 =0x0000000000000000, R9 =0x00007fdaa0003170, R10=0x00007fdae0217a21, R11=0x00007fdae5f63360
R12=0x0000000000000140, R13=0x00007fdab3a58a97, R14=0x00007fdae00d3000, R15=0x00007fdab3a589e0
RIP=0x00007fdae4fe4d10, EFLAGS=0x0000000000010202, CSGSFS=0x0000000000000033, ERR=0x0000000000000004
  TRAPNO=0x000000000000000e

Top of Stack: (sp=0x00007fdab3a589d0)
0x00007fdab3a589d0:   00007fdae57949ac 00007fdae5032206
0x00007fdab3a589e0:   00007fdae00d3000 0000000000000000
0x00007fdab3a589f0:   00007fda00000000 0000000000000000
0x00007fdab3a58a00:   00007fdab3a58b80 00007fdab3a58a97
0x00007fdab3a58a10:   00007fdadf9b7f00 0000000000000140
0x00007fdab3a58a20:   00007fdab3a58a97 00007fdab3a58a9c
0x00007fdab3a58a30:   00007fdab3a58a60 00007fdadf7a3aa9
0x00007fdab3a58a40:   00007fdab3a58a60 0000000000000026
0x00007fdab3a58a50:   00007fdab3a58b80 0000000000000140
0x00007fdab3a58a60:   00007fdab3a58af0 00007fdadf7845f8
0x00007fdab3a58a70:   00007fdab3a58ab0 00007fdab3a58ab0
0x00007fdab3a58a80:   00007fdab3a58ab8 00000001df7894c9
0x00007fdab3a58a90:   00007fdab3a58b50 0000000900000027
0x00007fdab3a58aa0:   00007fdaa0006b50 0000000000000000
0x00007fdab3a58ab0:   0000000000000000 0000000000000000
0x00007fdab3a58ac0:   00007fdab3a58b50 00000000000f0200
0x00007fdab3a58ad0:   00007fdab3a58b50 0000000000000002
0x00007fdab3a58ae0:   00007fdab3a58b80 00007fdadf9b7f00
0x00007fdab3a58af0:   00007fdab3a58d40 00007fdadf78e688
0x00007fdab3a58b00:   0000022700000013 00007fdaa00f0200
0x00007fdab3a58b10:   00007fda98000fb0 00007fdae4f99c5c
0x00007fdab3a58b20:   00007fdae00d5220 00007fda9800080f
0x00007fdab3a58b30:   0000022700000013 00007fdaa00f0200
0x00007fdab3a58b40:   00007fda98000fb0 00007fdae00ca368
0x00007fdab3a58b50:   00007fda98000fb8 000000000000000b
0x00007fdab3a58b60:   0000022700000013 00007fdaa00f0200
0x00007fdab3a58b70:   00007fda98000fb0 00007fdaa0004c40
0x00007fdab3a58b80:   00007fdaa0009719 0000000000001097
0x00007fdab3a58b90:   00007fdaa0004bc0 00007fda0000012c
0x00007fdab3a58ba0:   00007fdab3a58bd0 00007fdaa00032b0
0x00007fdab3a58bb0:   00007f0000000000 000002270000001c
0x00007fdab3a58bc0:   00007fda00008c80 00007fdab3a58bd0 

Instructions: (pc=0x00007fdae4fe4d10)
0x00007fdae4fe4cf0:   48 c1 e8 04 23 02 48 8d 15 63 b2 7a 00 48 03 02
0x00007fdae4fe4d00:   c7 00 01 00 00 00 e9 a6 fe ff ff 4d 85 e4 74 3b
0x00007fdae4fe4d10:   4d 8b 24 24 48 b8 fe fe fe fe fe fe fe fe 49 39
0x00007fdae4fe4d20:   c4 74 28 4d 85 e4 74 23 48 8d 05 a4 59 7a 00 80 

Register to memory mapping:

RAX=0x0000000000000063 is an unknown value
RBX=0x00007fdae00117a0 is an unknown value
RCX=0x00007fdae5be2320: <offset 0x219320> in /lib/x86_64-linux-gnu/libpthread.so.0 at 0x00007fdae59c9000
RDX=0x0000000000000001 is an unknown value
RSP=0x00007fdab3a589d0 is pointing into the stack for thread: 0x00007fdae00d3000
RBP=0x00007fdab3a58a30 is pointing into the stack for thread: 0x00007fdae00d3000
RSI=0x00007fdae00d3000 is a thread
RDI=0x00007fdae00117a0 is an unknown value
R8 =0x0000000000000000 is an unknown value
R9 =0x00007fdaa0003170 is an unknown value
R10=0x00007fdae0217a21 is an unknown value
R11=0x00007fdae5f63360: <offset 0x178360> in /lib/x86_64-linux-gnu/libc.so.6 at 0x00007fdae5deb000
R12=0x0000000000000140 is an unknown value
R13=0x00007fdab3a58a97 is pointing into the stack for thread: 0x00007fdae00d3000
R14=0x00007fdae00d3000 is a thread
R15=0x00007fdab3a589e0 is pointing into the stack for thread: 0x00007fdae00d3000


Stack: [0x00007fdab3959000,0x00007fdab3a5a000],  sp=0x00007fdab3a589d0,  free space=1022k
Native frames: (J=compiled Java code, j=interpreted, Vv=VM code, C=native code)
V  [libjvm.so+0x645d10]
C  [libjdwp.so+0x26aa9]
C  [libjdwp.so+0x75f8]
C  [libjdwp.so+0x11688]
C  [libjdwp.so+0x23785]
V  [libjvm.so+0x6b223b]
V  [libjvm.so+0x9085f0]
V  [libjvm.so+0x908861]
V  [libjvm.so+0x7cdb62]


---------------  P R O C E S S  ---------------

Java Threads: ( => current thread )
  0x00007fdae00de000 JavaThread "Service Thread" daemon [_thread_blocked, id=21660, stack(0x00007fdab3454000,0x00007fdab3555000)]
  0x00007fdae00dc000 JavaThread "C2 CompilerThread1" daemon [_thread_blocked, id=21659, stack(0x00007fdab3555000,0x00007fdab3656000)]
  0x00007fdae00d9000 JavaThread "C2 CompilerThread0" daemon [_thread_blocked, id=21658, stack(0x00007fdab3656000,0x00007fdab3757000)]
  0x00007fdaa0001000 JavaThread "JDWP Command Reader" daemon [_thread_in_native, id=21655, stack(0x00007fdab3757000,0x00007fdab3858000)]
  0x00007fdae00d6800 JavaThread "JDWP Event Helper Thread" daemon [_thread_blocked, id=21653, stack(0x00007fdab3858000,0x00007fdab3959000)]
=>0x00007fdae00d3000 JavaThread "JDWP Transport Listener: dt_socket" daemon [_thread_in_vm, id=21651, stack(0x00007fdab3959000,0x00007fdab3a5a000)]
  0x00007fdae00bf000 JavaThread "Signal Dispatcher" daemon [_thread_blocked, id=21649, stack(0x00007fdab3c5f000,0x00007fdab3d60000)]
  0x00007fdae0095000 JavaThread "Finalizer" daemon [_thread_blocked, id=21647, stack(0x00007fdad802c000,0x00007fdad812d000)]
  0x00007fdae0093000 JavaThread "Reference Handler" daemon [_thread_blocked, id=21646, stack(0x00007fdad812d000,0x00007fdad822e000)]
  0x00007fdae001a000 JavaThread "main" [_thread_blocked, id=21636, stack(0x00007fdae64c0000,0x00007fdae65c1000)]

Other Threads:
  0x00007fdae008e800 VMThread [stack: 0x00007fdad822e000,0x00007fdad832f000] [id=21645]
  0x00007fdae00e9000 WatcherThread [stack: 0x00007fdab3353000,0x00007fdab3454000] [id=21661]

VM state:not at safepoint (normal execution)

VM Mutex/Monitor currently owned by a thread: None

Heap
 PSYoungGen      total 36864K, used 3175K [0x00000007d7080000, 0x00000007d9980000, 0x0000000800000000)
  eden space 31744K, 10% used [0x00000007d7080000,0x00000007d7399c08,0x00000007d8f80000)
  from space 5120K, 0% used [0x00000007d9480000,0x00000007d9480000,0x00000007d9980000)
  to   space 5120K, 0% used [0x00000007d8f80000,0x00000007d8f80000,0x00000007d9480000)
 ParOldGen       total 83456K, used 0K [0x0000000785200000, 0x000000078a380000, 0x00000007d7080000)
  object space 83456K, 0% used [0x0000000785200000,0x0000000785200000,0x000000078a380000)
 PSPermGen       total 21504K, used 3783K [0x000000077ac00000, 0x000000077c100000, 0x0000000785200000)
  object space 21504K, 17% used [0x000000077ac00000,0x000000077afb1ff8,0x000000077c100000)

Card table byte_map: [0x00007fdadb028000,0x00007fdadb453000] byte_map_base: 0x00007fdad7452000

Polling page: 0x00007fdae65dd000

Code Cache  [0x00007fdadb453000, 0x00007fdadb6c3000, 0x00007fdade453000)
 total_blobs=197 nmethods=13 adapters=146 free_code_cache=48742Kb largest_free_block=49901504

Compilation events (10 events):
Event: 0.129 Thread 0x00007fdae00dc000 nmethod 9 0x00007fdadb4b7c50 code [0x00007fdadb4b7da0, 0x00007fdadb4b7ff8]
Event: 0.129 Thread 0x00007fdae00dc000   10             java.lang.String::lastIndexOf (52 bytes)
Event: 0.131 Thread 0x00007fdae00dc000 nmethod 10 0x00007fdadb4b8150 code [0x00007fdadb4b82a0, 0x00007fdadb4b8498]
Event: 0.131 Thread 0x00007fdae00dc000   11 %           java.lang.String::indexOf @ 69 (166 bytes)
Event: 0.134 Thread 0x00007fdae00d9000 nmethod 8 0x00007fdadb4b3bd0 code [0x00007fdadb4b3da0, 0x00007fdadb4b4790]
Event: 0.135 Thread 0x00007fdae00dc000 nmethod 11% 0x00007fdadb4ba6d0 code [0x00007fdadb4ba840, 0x00007fdadb4bb158]
Event: 0.135 Thread 0x00007fdae00d9000   12             java.lang.String::indexOf (166 bytes)
Event: 0.136 Thread 0x00007fdae00dc000   13             java.lang.String::charAt (29 bytes)
Event: 0.136 Thread 0x00007fdae00dc000 nmethod 13 0x00007fdadb4b3850 code [0x00007fdadb4b39a0, 0x00007fdadb4b3ab8]
Event: 0.140 Thread 0x00007fdae00d9000 nmethod 12 0x00007fdadb4bb610 code [0x00007fdadb4bb780, 0x00007fdadb4bbc78]

GC Heap History (0 events):
No events

Deoptimization events (3 events):
Event: 0.123 Thread 0x00007fdae001a000 Uncommon trap: reason=unstable_if action=reinterpret pc=0x00007fdadb4b1fe8 method=java.io.UnixFileSystem.normalize(Ljava/lang/String;)Ljava/lang/String; @ 60
Event: 0.126 Thread 0x00007fdae001a000 Uncommon trap: reason=unstable_if action=reinterpret pc=0x00007fdadb4b6f28 method=java.lang.String.hashCode()I @ 14
Event: 0.154 Thread 0x00007fdae001a000 Uncommon trap: reason=unstable_if action=reinterpret pc=0x00007fdadb4b7f20 method=java.lang.String.indexOf(II)I @ 49

Internal exceptions (10 events):
Event: 0.135 Thread 0x00007fdae001a000 Threw 0x00000007d73145f8 at /build/openjdk-7-9duhBW/openjdk-7-7u101-2.6.6/build/openjdk/hotspot/src/share/vm/prims/jvm.cpp:1322
Event: 0.137 Thread 0x00007fdae001a000 Threw 0x00000007d731e7a8 at /build/openjdk-7-9duhBW/openjdk-7-7u101-2.6.6/build/openjdk/hotspot/src/share/vm/prims/jvm.cpp:1322
Event: 0.137 Thread 0x00007fdae001a000 Threw 0x00000007d732bac8 at /build/openjdk-7-9duhBW/openjdk-7-7u101-2.6.6/build/openjdk/hotspot/src/share/vm/prims/jvm.cpp:1322
Event: 0.147 Thread 0x00007fdae001a000 Threw 0x00000007d7332cf0 at /build/openjdk-7-9duhBW/openjdk-7-7u101-2.6.6/build/openjdk/hotspot/src/share/vm/prims/jvm.cpp:1322
Event: 0.149 Thread 0x00007fdae001a000 Threw 0x00000007d73373b0 at /build/openjdk-7-9duhBW/openjdk-7-7u101-2.6.6/build/openjdk/hotspot/src/share/vm/prims/jvm.cpp:1322
Event: 0.150 Thread 0x00007fdae001a000 Threw 0x00000007d7338e68 at /build/openjdk-7-9duhBW/openjdk-7-7u101-2.6.6/build/openjdk/hotspot/src/share/vm/prims/jvm.cpp:1322
Event: 0.152 Thread 0x00007fdae001a000 Threw 0x00000007d7346d88 at /build/openjdk-7-9duhBW/openjdk-7-7u101-2.6.6/build/openjdk/hotspot/src/share/vm/prims/jvm.cpp:1322
Event: 0.153 Thread 0x00007fdae001a000 Threw 0x00000007d734d4a0 at /build/openjdk-7-9duhBW/openjdk-7-7u101-2.6.6/build/openjdk/hotspot/src/share/vm/prims/jvm.cpp:1322
Event: 0.156 Thread 0x00007fdae001a000 Threw 0x00000007d7362210 at /build/openjdk-7-9duhBW/openjdk-7-7u101-2.6.6/build/openjdk/hotspot/src/share/vm/prims/jvm.cpp:1322
Event: 587.874 Thread 0x00007fdae001a000 Threw 0x00000007d736ee88 at /build/openjdk-7-9duhBW/openjdk-7-7u101-2.6.6/build/openjdk/hotspot/src/share/vm/prims/jvm.cpp:1322

Events (10 events):
Event: 3536.225 Executing VM operation: GetCurrentLocation
Event: 3536.225 Executing VM operation: GetCurrentLocation done
Event: 3536.225 Executing VM operation: EnterInterpOnlyMode
Event: 3536.225 Executing VM operation: EnterInterpOnlyMode done
Event: 3536.225 Executing VM operation: ChangeSingleStep
Event: 3536.225 Executing VM operation: ChangeSingleStep done
Event: 3536.225 Executing VM operation: ChangeSingleStep
Event: 3536.225 Executing VM operation: ChangeSingleStep done
Event: 3536.235 Executing VM operation: RedefineClasses
Event: 3536.235 Executing VM operation: RedefineClasses done


Dynamic libraries:
00400000-00401000 r-xp 00000000 08:01 24249929                           /usr/lib/jvm/java-7-openjdk-amd64/jre/bin/java
00600000-00601000 r--p 00000000 08:01 24249929                           /usr/lib/jvm/java-7-openjdk-amd64/jre/bin/java
00601000-00602000 rw-p 00001000 08:01 24249929                           /usr/lib/jvm/java-7-openjdk-amd64/jre/bin/java
01703000-01724000 rw-p 00000000 00:00 0                                  [heap]
77ac00000-77c100000 rw-p 00000000 00:00 0 
77c100000-785200000 rw-p 00000000 00:00 0 
785200000-78a380000 rw-p 00000000 00:00 0 
78a380000-7d7080000 rw-p 00000000 00:00 0 
7d7080000-7d9980000 rw-p 00000000 00:00 0 
7d9980000-800000000 rw-p 00000000 00:00 0 
7fda84000000-7fda84021000 rw-p 00000000 00:00 0 
7fda84021000-7fda88000000 ---p 00000000 00:00 0 
7fda88000000-7fda88021000 rw-p 00000000 00:00 0 
7fda88021000-7fda8c000000 ---p 00000000 00:00 0 
7fda8c000000-7fda8c141000 rw-p 00000000 00:00 0 
7fda8c141000-7fda90000000 ---p 00000000 00:00 0 
7fda90000000-7fda900ce000 rw-p 00000000 00:00 0 
7fda900ce000-7fda94000000 ---p 00000000 00:00 0 
7fda94000000-7fda94021000 rw-p 00000000 00:00 0 
7fda94021000-7fda98000000 ---p 00000000 00:00 0 
7fda98000000-7fda98021000 rw-p 00000000 00:00 0 
7fda98021000-7fda9c000000 ---p 00000000 00:00 0 
7fda9c000000-7fda9c021000 rw-p 00000000 00:00 0 
7fda9c021000-7fdaa0000000 ---p 00000000 00:00 0 
7fdaa0000000-7fdaa0021000 rw-p 00000000 00:00 0 
7fdaa0021000-7fdaa4000000 ---p 00000000 00:00 0 
7fdaa4000000-7fdaa4021000 rw-p 00000000 00:00 0 
7fdaa4021000-7fdaa8000000 ---p 00000000 00:00 0 
7fdaa8000000-7fdaa8021000 rw-p 00000000 00:00 0 
7fdaa8021000-7fdaac000000 ---p 00000000 00:00 0 
7fdaac000000-7fdaac021000 rw-p 00000000 00:00 0 
7fdaac021000-7fdab0000000 ---p 00000000 00:00 0 
7fdab3342000-7fdab3353000 r--s 0016f000 08:01 25559722                   /home/amit/Downloads/jfreechart-1.0.19/lib/jfreechart-1.0.19.jar
7fdab3353000-7fdab3354000 ---p 00000000 00:00 0 
7fdab3354000-7fdab3454000 rw-p 00000000 00:00 0 
7fdab3454000-7fdab3457000 ---p 00000000 00:00 0 
7fdab3457000-7fdab3555000 rw-p 00000000 00:00 0 
7fdab3555000-7fdab3558000 ---p 00000000 00:00 0 
7fdab3558000-7fdab3656000 rw-p 00000000 00:00 0 
7fdab3656000-7fdab3659000 ---p 00000000 00:00 0 
7fdab3659000-7fdab3757000 rw-p 00000000 00:00 0 
7fdab3757000-7fdab375a000 ---p 00000000 00:00 0 
7fdab375a000-7fdab3858000 rw-p 00000000 00:00 0 
7fdab3858000-7fdab385b000 ---p 00000000 00:00 0 
7fdab385b000-7fdab3959000 rw-p 00000000 00:00 0 
7fdab3959000-7fdab395c000 ---p 00000000 00:00 0 
7fdab395c000-7fdab3a5a000 rw-p 00000000 00:00 0 
7fdab3a5a000-7fdab3a5e000 r-xp 00000000 08:01 24249972                   /usr/lib/jvm/java-7-openjdk-amd64/jre/lib/amd64/libdt_socket.so
7fdab3a5e000-7fdab3c5d000 ---p 00004000 08:01 24249972                   /usr/lib/jvm/java-7-openjdk-amd64/jre/lib/amd64/libdt_socket.so
7fdab3c5d000-7fdab3c5e000 r--p 00003000 08:01 24249972                   /usr/lib/jvm/java-7-openjdk-amd64/jre/lib/amd64/libdt_socket.so
7fdab3c5e000-7fdab3c5f000 rw-p 00004000 08:01 24249972                   /usr/lib/jvm/java-7-openjdk-amd64/jre/lib/amd64/libdt_socket.so
7fdab3c5f000-7fdab3c62000 ---p 00000000 00:00 0 
7fdab3c62000-7fdab8000000 rw-p 00000000 00:00 0 
7fdab8000000-7fdab8021000 rw-p 00000000 00:00 0 
7fdab8021000-7fdabc000000 ---p 00000000 00:00 0 
7fdabc000000-7fdabc021000 rw-p 00000000 00:00 0 
7fdabc021000-7fdac0000000 ---p 00000000 00:00 0 
7fdac0000000-7fdac0021000 rw-p 00000000 00:00 0 
7fdac0021000-7fdac4000000 ---p 00000000 00:00 0 
7fdac4000000-7fdac4021000 rw-p 00000000 00:00 0 
7fdac4021000-7fdac8000000 ---p 00000000 00:00 0 
7fdac8000000-7fdac8021000 rw-p 00000000 00:00 0 
7fdac8021000-7fdacc000000 ---p 00000000 00:00 0 
7fdacc000000-7fdacc021000 rw-p 00000000 00:00 0 
7fdacc021000-7fdad0000000 ---p 00000000 00:00 0 
7fdad0000000-7fdad0021000 rw-p 00000000 00:00 0 
7fdad0021000-7fdad4000000 ---p 00000000 00:00 0 
7fdad4000000-7fdad4021000 rw-p 00000000 00:00 0 
7fdad4021000-7fdad8000000 ---p 00000000 00:00 0 
7fdad8006000-7fdad800c000 r--s 0004b000 08:01 25559719                   /home/amit/Downloads/jfreechart-1.0.19/lib/jcommon-1.0.23.jar
7fdad800c000-7fdad802c000 r--s 001a9000 08:01 31198657                   /home/amit/workspace/Nway/lib/poi-3.9-20121203.jar
7fdad802c000-7fdad802f000 ---p 00000000 00:00 0 
7fdad802f000-7fdad812d000 rw-p 00000000 00:00 0 
7fdad812d000-7fdad8130000 ---p 00000000 00:00 0 
7fdad8130000-7fdad822e000 rw-p 00000000 00:00 0 
7fdad822e000-7fdad822f000 ---p 00000000 00:00 0 
7fdad822f000-7fdad9fbc000 rw-p 00000000 00:00 0 
7fdad9fbc000-7fdada16e000 r--s 01d32000 08:01 24249993                   /usr/lib/jvm/java-7-openjdk-amd64/jre/lib/rt.jar
7fdada16e000-7fdada691000 rw-p 00000000 00:00 0 
7fdada691000-7fdada692000 ---p 00000000 00:00 0 
7fdada692000-7fdada792000 rw-p 00000000 00:00 0 
7fdada792000-7fdada793000 ---p 00000000 00:00 0 
7fdada793000-7fdada893000 rw-p 00000000 00:00 0 
7fdada893000-7fdada894000 ---p 00000000 00:00 0 
7fdada894000-7fdada994000 rw-p 00000000 00:00 0 
7fdada994000-7fdada995000 ---p 00000000 00:00 0 
7fdada995000-7fdadaa95000 rw-p 00000000 00:00 0 
7fdadaa95000-7fdadaa96000 ---p 00000000 00:00 0 
7fdadaa96000-7fdadab96000 rw-p 00000000 00:00 0 
7fdadab96000-7fdadab97000 ---p 00000000 00:00 0 
7fdadab97000-7fdadac97000 rw-p 00000000 00:00 0 
7fdadac97000-7fdadac98000 ---p 00000000 00:00 0 
7fdadac98000-7fdadadc1000 rw-p 00000000 00:00 0 
7fdadadc1000-7fdadb028000 rw-p 00000000 00:00 0 
7fdadb028000-7fdadb033000 rw-p 00000000 00:00 0 
7fdadb033000-7fdadb07b000 rw-p 00000000 00:00 0 
7fdadb07b000-7fdadb0a4000 rw-p 00000000 00:00 0 
7fdadb0a4000-7fdadb30a000 rw-p 00000000 00:00 0 
7fdadb30a000-7fdadb31f000 rw-p 00000000 00:00 0 
7fdadb31f000-7fdadb452000 rw-p 00000000 00:00 0 
7fdadb452000-7fdadb453000 rw-p 00000000 00:00 0 
7fdadb453000-7fdadb6c3000 rwxp 00000000 00:00 0 
7fdadb6c3000-7fdade453000 rw-p 00000000 00:00 0 
7fdade453000-7fdade45b000 r-xp 00000000 08:01 24249960                   /usr/lib/jvm/java-7-openjdk-amd64/jre/lib/amd64/libzip.so
7fdade45b000-7fdade65a000 ---p 00008000 08:01 24249960                   /usr/lib/jvm/java-7-openjdk-amd64/jre/lib/amd64/libzip.so
7fdade65a000-7fdade65b000 r--p 00007000 08:01 24249960                   /usr/lib/jvm/java-7-openjdk-amd64/jre/lib/amd64/libzip.so
7fdade65b000-7fdade65c000 rw-p 00008000 08:01 24249960                   /usr/lib/jvm/java-7-openjdk-amd64/jre/lib/amd64/libzip.so
7fdade65c000-7fdade666000 r-xp 00000000 08:01 27525223                   /lib/x86_64-linux-gnu/libnss_files-2.19.so
7fdade666000-7fdade865000 ---p 0000a000 08:01 27525223                   /lib/x86_64-linux-gnu/libnss_files-2.19.so
7fdade865000-7fdade866000 r--p 00009000 08:01 27525223                   /lib/x86_64-linux-gnu/libnss_files-2.19.so
7fdade866000-7fdade867000 rw-p 0000a000 08:01 27525223                   /lib/x86_64-linux-gnu/libnss_files-2.19.so
7fdade867000-7fdade872000 r-xp 00000000 08:01 27525215                   /lib/x86_64-linux-gnu/libnss_nis-2.19.so
7fdade872000-7fdadea71000 ---p 0000b000 08:01 27525215                   /lib/x86_64-linux-gnu/libnss_nis-2.19.so
7fdadea71000-7fdadea72000 r--p 0000a000 08:01 27525215                   /lib/x86_64-linux-gnu/libnss_nis-2.19.so
7fdadea72000-7fdadea73000 rw-p 0000b000 08:01 27525215                   /lib/x86_64-linux-gnu/libnss_nis-2.19.so
7fdadea73000-7fdadea8a000 r-xp 00000000 08:01 27525211                   /lib/x86_64-linux-gnu/libnsl-2.19.so
7fdadea8a000-7fdadec89000 ---p 00017000 08:01 27525211                   /lib/x86_64-linux-gnu/libnsl-2.19.so
7fdadec89000-7fdadec8a000 r--p 00016000 08:01 27525211                   /lib/x86_64-linux-gnu/libnsl-2.19.so
7fdadec8a000-7fdadec8b000 rw-p 00017000 08:01 27525211                   /lib/x86_64-linux-gnu/libnsl-2.19.so
7fdadec8b000-7fdadec8d000 rw-p 00000000 00:00 0 
7fdadec8d000-7fdadec96000 r-xp 00000000 08:01 27525210                   /lib/x86_64-linux-gnu/libnss_compat-2.19.so
7fdadec96000-7fdadee95000 ---p 00009000 08:01 27525210                   /lib/x86_64-linux-gnu/libnss_compat-2.19.so
7fdadee95000-7fdadee96000 r--p 00008000 08:01 27525210                   /lib/x86_64-linux-gnu/libnss_compat-2.19.so
7fdadee96000-7fdadee97000 rw-p 00009000 08:01 27525210                   /lib/x86_64-linux-gnu/libnss_compat-2.19.so
7fdadee97000-7fdadf579000 r--p 00000000 08:01 19143167                   /usr/lib/locale/locale-archive
7fdadf579000-7fdadf57b000 r-xp 00000000 08:01 24249940                   /usr/lib/jvm/java-7-openjdk-amd64/jre/lib/amd64/libnpt.so
7fdadf57b000-7fdadf77b000 ---p 00002000 08:01 24249940                   /usr/lib/jvm/java-7-openjdk-amd64/jre/lib/amd64/libnpt.so
7fdadf77b000-7fdadf77c000 r--p 00002000 08:01 24249940                   /usr/lib/jvm/java-7-openjdk-amd64/jre/lib/amd64/libnpt.so
7fdadf77c000-7fdadf77d000 rw-p 00003000 08:01 24249940                   /usr/lib/jvm/java-7-openjdk-amd64/jre/lib/amd64/libnpt.so
7fdadf77d000-7fdadf7b7000 r-xp 00000000 08:01 24249941                   /usr/lib/jvm/java-7-openjdk-amd64/jre/lib/amd64/libjdwp.so
7fdadf7b7000-7fdadf9b6000 ---p 0003a000 08:01 24249941                   /usr/lib/jvm/java-7-openjdk-amd64/jre/lib/amd64/libjdwp.so
7fdadf9b6000-7fdadf9b7000 r--p 00039000 08:01 24249941                   /usr/lib/jvm/java-7-openjdk-amd64/jre/lib/amd64/libjdwp.so
7fdadf9b7000-7fdadf9b8000 rw-p 0003a000 08:01 24249941                   /usr/lib/jvm/java-7-openjdk-amd64/jre/lib/amd64/libjdwp.so
7fdadf9b8000-7fdadf9e3000 r-xp 00000000 08:01 24249945                   /usr/lib/jvm/java-7-openjdk-amd64/jre/lib/amd64/libjava.so
7fdadf9e3000-7fdadfbe3000 ---p 0002b000 08:01 24249945                   /usr/lib/jvm/java-7-openjdk-amd64/jre/lib/amd64/libjava.so
7fdadfbe3000-7fdadfbe4000 r--p 0002b000 08:01 24249945                   /usr/lib/jvm/java-7-openjdk-amd64/jre/lib/amd64/libjava.so
7fdadfbe4000-7fdadfbe6000 rw-p 0002c000 08:01 24249945                   /usr/lib/jvm/java-7-openjdk-amd64/jre/lib/amd64/libjava.so
7fdadfbe6000-7fdadfbf6000 r-xp 00000000 08:01 24249946                   /usr/lib/jvm/java-7-openjdk-amd64/jre/lib/amd64/libverify.so
7fdadfbf6000-7fdadfdf5000 ---p 00010000 08:01 24249946                   /usr/lib/jvm/java-7-openjdk-amd64/jre/lib/amd64/libverify.so
7fdadfdf5000-7fdadfdf7000 r--p 0000f000 08:01 24249946                   /usr/lib/jvm/java-7-openjdk-amd64/jre/lib/amd64/libverify.so
7fdadfdf7000-7fdadfdf8000 rw-p 00011000 08:01 24249946                   /usr/lib/jvm/java-7-openjdk-amd64/jre/lib/amd64/libverify.so
7fdadfdf8000-7fdadfdff000 r-xp 00000000 08:01 27525219                   /lib/x86_64-linux-gnu/librt-2.19.so
7fdadfdff000-7fdadfffe000 ---p 00007000 08:01 27525219                   /lib/x86_64-linux-gnu/librt-2.19.so
7fdadfffe000-7fdadffff000 r--p 00006000 08:01 27525219                   /lib/x86_64-linux-gnu/librt-2.19.so
7fdadffff000-7fdae0000000 rw-p 00007000 08:01 27525219                   /lib/x86_64-linux-gnu/librt-2.19.so
7fdae0000000-7fdae022b000 rw-p 00000000 00:00 0 
7fdae022b000-7fdae4000000 ---p 00000000 00:00 0 
7fdae4000000-7fdae402b000 rw-p 00000000 00:00 0 
7fdae402b000-7fdae402c000 ---p 00000000 00:00 0 
7fdae402c000-7fdae4137000 rw-p 00000000 00:00 0 
7fdae4137000-7fdae417f000 rw-p 00000000 00:00 0 
7fdae417f000-7fdae4195000 r-xp 00000000 08:01 27529429                   /lib/x86_64-linux-gnu/libgcc_s.so.1
7fdae4195000-7fdae4394000 ---p 00016000 08:01 27529429                   /lib/x86_64-linux-gnu/libgcc_s.so.1
7fdae4394000-7fdae4395000 rw-p 00015000 08:01 27529429                   /lib/x86_64-linux-gnu/libgcc_s.so.1
7fdae4395000-7fdae449a000 r-xp 00000000 08:01 27525139                   /lib/x86_64-linux-gnu/libm-2.19.so
7fdae449a000-7fdae4699000 ---p 00105000 08:01 27525139                   /lib/x86_64-linux-gnu/libm-2.19.so
7fdae4699000-7fdae469a000 r--p 00104000 08:01 27525139                   /lib/x86_64-linux-gnu/libm-2.19.so
7fdae469a000-7fdae469b000 rw-p 00105000 08:01 27525139                   /lib/x86_64-linux-gnu/libm-2.19.so
7fdae469b000-7fdae4781000 r-xp 00000000 08:01 19136535                   /usr/lib/x86_64-linux-gnu/libstdc++.so.6.0.19
7fdae4781000-7fdae4980000 ---p 000e6000 08:01 19136535                   /usr/lib/x86_64-linux-gnu/libstdc++.so.6.0.19
7fdae4980000-7fdae4988000 r--p 000e5000 08:01 19136535                   /usr/lib/x86_64-linux-gnu/libstdc++.so.6.0.19
7fdae4988000-7fdae498a000 rw-p 000ed000 08:01 19136535                   /usr/lib/x86_64-linux-gnu/libstdc++.so.6.0.19
7fdae498a000-7fdae499f000 rw-p 00000000 00:00 0 
7fdae499f000-7fdae54c4000 r-xp 00000000 08:01 24249958                   /usr/lib/jvm/java-7-openjdk-amd64/jre/lib/amd64/server/libjvm.so
7fdae54c4000-7fdae56c4000 ---p 00b25000 08:01 24249958                   /usr/lib/jvm/java-7-openjdk-amd64/jre/lib/amd64/server/libjvm.so
7fdae56c4000-7fdae575e000 r--p 00b25000 08:01 24249958                   /usr/lib/jvm/java-7-openjdk-amd64/jre/lib/amd64/server/libjvm.so
7fdae575e000-7fdae5781000 rw-p 00bbf000 08:01 24249958                   /usr/lib/jvm/java-7-openjdk-amd64/jre/lib/amd64/server/libjvm.so
7fdae5781000-7fdae57b0000 rw-p 00000000 00:00 0 
7fdae57b0000-7fdae57c8000 r-xp 00000000 08:01 27529565                   /lib/x86_64-linux-gnu/libz.so.1.2.8
7fdae57c8000-7fdae59c7000 ---p 00018000 08:01 27529565                   /lib/x86_64-linux-gnu/libz.so.1.2.8
7fdae59c7000-7fdae59c8000 r--p 00017000 08:01 27529565                   /lib/x86_64-linux-gnu/libz.so.1.2.8
7fdae59c8000-7fdae59c9000 rw-p 00018000 08:01 27529565                   /lib/x86_64-linux-gnu/libz.so.1.2.8
7fdae59c9000-7fdae59e2000 r-xp 00000000 08:01 27525212                   /lib/x86_64-linux-gnu/libpthread-2.19.so
7fdae59e2000-7fdae5be1000 ---p 00019000 08:01 27525212                   /lib/x86_64-linux-gnu/libpthread-2.19.so
7fdae5be1000-7fdae5be2000 r--p 00018000 08:01 27525212                   /lib/x86_64-linux-gnu/libpthread-2.19.so
7fdae5be2000-7fdae5be3000 rw-p 00019000 08:01 27525212                   /lib/x86_64-linux-gnu/libpthread-2.19.so
7fdae5be3000-7fdae5be7000 rw-p 00000000 00:00 0 
7fdae5be7000-7fdae5bea000 r-xp 00000000 08:01 27525149                   /lib/x86_64-linux-gnu/libdl-2.19.so
7fdae5bea000-7fdae5de9000 ---p 00003000 08:01 27525149                   /lib/x86_64-linux-gnu/libdl-2.19.so
7fdae5de9000-7fdae5dea000 r--p 00002000 08:01 27525149                   /lib/x86_64-linux-gnu/libdl-2.19.so
7fdae5dea000-7fdae5deb000 rw-p 00003000 08:01 27525149                   /lib/x86_64-linux-gnu/libdl-2.19.so
7fdae5deb000-7fdae5fa5000 r-xp 00000000 08:01 27525220                   /lib/x86_64-linux-gnu/libc-2.19.so
7fdae5fa5000-7fdae61a5000 ---p 001ba000 08:01 27525220                   /lib/x86_64-linux-gnu/libc-2.19.so
7fdae61a5000-7fdae61a9000 r--p 001ba000 08:01 27525220                   /lib/x86_64-linux-gnu/libc-2.19.so
7fdae61a9000-7fdae61ab000 rw-p 001be000 08:01 27525220                   /lib/x86_64-linux-gnu/libc-2.19.so
7fdae61ab000-7fdae61b0000 rw-p 00000000 00:00 0 
7fdae61b0000-7fdae61bd000 r-xp 00000000 08:01 24249975                   /usr/lib/jvm/java-7-openjdk-amd64/jre/lib/amd64/jli/libjli.so
7fdae61bd000-7fdae63bc000 ---p 0000d000 08:01 24249975                   /usr/lib/jvm/java-7-openjdk-amd64/jre/lib/amd64/jli/libjli.so
7fdae63bc000-7fdae63bd000 r--p 0000c000 08:01 24249975                   /usr/lib/jvm/java-7-openjdk-amd64/jre/lib/amd64/jli/libjli.so
7fdae63bd000-7fdae63be000 rw-p 0000d000 08:01 24249975                   /usr/lib/jvm/java-7-openjdk-amd64/jre/lib/amd64/jli/libjli.so
7fdae63be000-7fdae63e1000 r-xp 00000000 08:01 27525213                   /lib/x86_64-linux-gnu/ld-2.19.so
7fdae63e1000-7fdae63e2000 rw-p 00000000 00:00 0 
7fdae63e2000-7fdae63e3000 r--s 00003000 08:01 25559720                   /home/amit/Downloads/jfreechart-1.0.19/lib/jfreechart-1.0.19-experimental.jar
7fdae63e3000-7fdae63e5000 r--s 00012000 08:01 25559721                   /home/amit/Downloads/jfreechart-1.0.19/lib/jfreechart-1.0.19-swt.jar
7fdae63e5000-7fdae63e7000 r--s 0000b000 08:01 25559723                   /home/amit/Downloads/jfreechart-1.0.19/lib/jfreesvg-2.0.jar
7fdae63e7000-7fdae63ed000 r--s 00036000 08:01 25559724                   /home/amit/Downloads/jfreechart-1.0.19/lib/junit-4.11.jar
7fdae63ed000-7fdae63f4000 r--s 00066000 08:01 25559725                   /home/amit/Downloads/jfreechart-1.0.19/lib/orsoncharts-1.4-eval-nofx.jar
7fdae63f4000-7fdae63f6000 r--s 00010000 08:01 25559726                   /home/amit/Downloads/jfreechart-1.0.19/lib/orsonpdf-1.6-eval.jar
7fdae63f6000-7fdae63f9000 r--s 00011000 08:01 25559727                   /home/amit/Downloads/jfreechart-1.0.19/lib/servlet.jar
7fdae63f9000-7fdae63fa000 r--s 00004000 08:01 25559728                   /home/amit/Downloads/jfreechart-1.0.19/lib/swtgraphics2d.jar
7fdae63fa000-7fdae63fe000 r--s 00085000 08:01 24250010                   /usr/lib/jvm/java-7-openjdk-amd64/jre/lib/ext/localedata.jar
7fdae63fe000-7fdae6400000 r--s 00006000 08:01 19534909                   /usr/share/java/java-atk-wrapper.jar
7fdae6400000-7fdae640a000 rw-p 00000000 00:00 0 
7fdae640a000-7fdae64c0000 rw-p 00000000 00:00 0 
7fdae64c0000-7fdae64c3000 ---p 00000000 00:00 0 
7fdae64c3000-7fdae65c6000 rw-p 00000000 00:00 0 
7fdae65c6000-7fdae65c7000 r--s 00002000 08:01 24250006                   /usr/lib/jvm/java-7-openjdk-amd64/jre/lib/ext/dnsns.jar
7fdae65c7000-7fdae65cb000 r--s 0003c000 08:01 24250011                   /usr/lib/jvm/java-7-openjdk-amd64/jre/lib/ext/sunpkcs11.jar
7fdae65cb000-7fdae65ce000 r--s 0000f000 08:01 24250009                   /usr/lib/jvm/java-7-openjdk-amd64/jre/lib/ext/icedtea-sound.jar
7fdae65ce000-7fdae65d2000 r--s 00034000 08:01 24250008                   /usr/lib/jvm/java-7-openjdk-amd64/jre/lib/ext/sunjce_provider.jar
7fdae65d2000-7fdae65d4000 r--s 00012000 08:01 24250007                   /usr/lib/jvm/java-7-openjdk-amd64/jre/lib/ext/zipfs.jar
7fdae65d4000-7fdae65dc000 rw-s 00000000 08:01 43515919                   /tmp/hsperfdata_amit/21630
7fdae65dc000-7fdae65dd000 rw-p 00000000 00:00 0 
7fdae65dd000-7fdae65de000 r--p 00000000 00:00 0 
7fdae65de000-7fdae65e0000 rw-p 00000000 00:00 0 
7fdae65e0000-7fdae65e1000 r--p 00022000 08:01 27525213                   /lib/x86_64-linux-gnu/ld-2.19.so
7fdae65e1000-7fdae65e2000 rw-p 00023000 08:01 27525213                   /lib/x86_64-linux-gnu/ld-2.19.so
7fdae65e2000-7fdae65e3000 rw-p 00000000 00:00 0 
7fffacddd000-7ffface05000 rw-p 00000000 00:00 0                          [stack]
7ffface08000-7ffface0a000 r--p 00000000 00:00 0                          [vvar]
7ffface0a000-7ffface0c000 r-xp 00000000 00:00 0                          [vdso]
ffffffffff600000-ffffffffff601000 r-xp 00000000 00:00 0                  [vsyscall]

VM Arguments:
jvm_args: -agentlib:jdwp=transport=dt_socket,suspend=y,address=localhost:44385 -Dfile.encoding=UTF-8 
java_command: core.Main
Launcher Type: SUN_STANDARD

Environment Variables:
PATH=/usr/local/sbin:/usr/local/bin:/usr/sbin:/usr/bin:/sbin:/bin:/usr/games:/usr/local/games
SHELL=/bin/bash
DISPLAY=:0

Signal Handlers:
SIGSEGV: [libjvm.so+0x9561e0], sa_mask[0]=0x7ffbfeff, sa_flags=0x10000004
SIGBUS: [libjvm.so+0x9561e0], sa_mask[0]=0x7ffbfeff, sa_flags=0x10000004
SIGFPE: [libjvm.so+0x7cc4d0], sa_mask[0]=0x7ffbfeff, sa_flags=0x10000004
SIGPIPE: [libjvm.so+0x7cc4d0], sa_mask[0]=0x7ffbfeff, sa_flags=0x10000004
SIGXFSZ: [libjvm.so+0x7cc4d0], sa_mask[0]=0x7ffbfeff, sa_flags=0x10000004
SIGILL: [libjvm.so+0x7cc4d0], sa_mask[0]=0x7ffbfeff, sa_flags=0x10000004
SIGUSR1: SIG_DFL, sa_mask[0]=0x00000000, sa_flags=0x00000000
SIGUSR2: [libjvm.so+0x7cc370], sa_mask[0]=0x00000004, sa_flags=0x10000004
SIGHUP: [libjvm.so+0x7cc550], sa_mask[0]=0x7ffbfeff, sa_flags=0x10000004
SIGINT: [libjvm.so+0x7cc550], sa_mask[0]=0x7ffbfeff, sa_flags=0x10000004
SIGTERM: [libjvm.so+0x7cc550], sa_mask[0]=0x7ffbfeff, sa_flags=0x10000004
SIGQUIT: [libjvm.so+0x7cc550], sa_mask[0]=0x7ffbfeff, sa_flags=0x10000004
SIGTRAP: SIG_DFL, sa_mask[0]=0x00000000, sa_flags=0x00000000


---------------  S Y S T E M  ---------------

OS:Ubuntu 14.04 (trusty)
uname:Linux 4.2.0-42-generic #49~14.04.1-Ubuntu SMP Wed Jun 29 20:22:11 UTC 2016 x86_64
libc:glibc 2.19 NPTL 2.19 
rlimit: STACK 8192k, CORE 0k, NPROC 31367, NOFILE 4096, AS infinity
load average:0.43 0.29 0.27

/proc/meminfo:
MemTotal:        8052268 kB
MemFree:         3889212 kB
MemAvailable:    4780620 kB
Buffers:          182708 kB
Cached:          1220644 kB
SwapCached:        21080 kB
Active:          2665116 kB
Inactive:        1165560 kB
Active(anon):    2125376 kB
Inactive(anon):   732148 kB
Active(file):     539740 kB
Inactive(file):   433412 kB
Unevictable:          32 kB
Mlocked:              32 kB
SwapTotal:       8265724 kB
SwapFree:        8130128 kB
Dirty:               692 kB
Writeback:             0 kB
AnonPages:       2407692 kB
Mapped:           469972 kB
Shmem:            430196 kB
Slab:             212844 kB
SReclaimable:     171660 kB
SUnreclaim:        41184 kB
KernelStack:       11328 kB
PageTables:        42880 kB
NFS_Unstable:          0 kB
Bounce:                0 kB
WritebackTmp:          0 kB
CommitLimit:    12291856 kB
Committed_AS:    7895896 kB
VmallocTotal:   34359738367 kB
VmallocUsed:      362120 kB
VmallocChunk:   34358945788 kB
HardwareCorrupted:     0 kB
AnonHugePages:   1093632 kB
CmaTotal:              0 kB
CmaFree:               0 kB
HugePages_Total:       0
HugePages_Free:        0
HugePages_Rsvd:        0
HugePages_Surp:        0
Hugepagesize:       2048 kB
DirectMap4k:      185808 kB
DirectMap2M:     8081408 kB


CPU:total 8 (4 cores per cpu, 2 threads per core) family 6 model 42 stepping 7, cmov, cx8, fxsr, mmx, sse, sse2, sse3, ssse3, sse4.1, sse4.2, popcnt, avx, aes, ht, tsc, tscinvbit

/proc/cpuinfo:
processor	: 0
vendor_id	: GenuineIntel
cpu family	: 6
model		: 42
model name	: Intel(R) Core(TM) i7-2600 CPU @ 3.40GHz
stepping	: 7
microcode	: 0x23
cpu MHz		: 3407.968
cache size	: 8192 KB
physical id	: 0
siblings	: 8
core id		: 0
cpu cores	: 4
apicid		: 0
initial apicid	: 0
fpu		: yes
fpu_exception	: yes
cpuid level	: 13
wp		: yes
flags		: fpu vme de pse tsc msr pae mce cx8 apic sep mtrr pge mca cmov pat pse36 clflush dts acpi mmx fxsr sse sse2 ss ht tm pbe syscall nx rdtscp lm constant_tsc arch_perfmon pebs bts rep_good nopl xtopology nonstop_tsc aperfmperf eagerfpu pni pclmulqdq dtes64 monitor ds_cpl vmx smx est tm2 ssse3 cx16 xtpr pdcm pcid sse4_1 sse4_2 x2apic popcnt tsc_deadline_timer aes xsave avx lahf_lm ida arat epb pln pts dtherm tpr_shadow vnmi flexpriority ept vpid xsaveopt
bugs		:
bogomips	: 6784.33
clflush size	: 64
cache_alignment	: 64
address sizes	: 36 bits physical, 48 bits virtual
power management:

processor	: 1
vendor_id	: GenuineIntel
cpu family	: 6
model		: 42
model name	: Intel(R) Core(TM) i7-2600 CPU @ 3.40GHz
stepping	: 7
microcode	: 0x23
cpu MHz		: 3455.914
cache size	: 8192 KB
physical id	: 0
siblings	: 8
core id		: 1
cpu cores	: 4
apicid		: 2
initial apicid	: 2
fpu		: yes
fpu_exception	: yes
cpuid level	: 13
wp		: yes
flags		: fpu vme de pse tsc msr pae mce cx8 apic sep mtrr pge mca cmov pat pse36 clflush dts acpi mmx fxsr sse sse2 ss ht tm pbe syscall nx rdtscp lm constant_tsc arch_perfmon pebs bts rep_good nopl xtopology nonstop_tsc aperfmperf eagerfpu pni pclmulqdq dtes64 monitor ds_cpl vmx smx est tm2 ssse3 cx16 xtpr pdcm pcid sse4_1 sse4_2 x2apic popcnt tsc_deadline_timer aes xsave avx lahf_lm ida arat epb pln pts dtherm tpr_shadow vnmi flexpriority ept vpid xsaveopt
bugs		:
bogomips	: 6784.33
clflush size	: 64
cache_alignment	: 64
address sizes	: 36 bits physical, 48 bits virtual
power management:

processor	: 2
vendor_id	: GenuineIntel
cpu family	: 6
model		: 42
model name	: Intel(R) Core(TM) i7-2600 CPU @ 3.40GHz
stepping	: 7
microcode	: 0x23
cpu MHz		: 3518.867
cache size	: 8192 KB
physical id	: 0
siblings	: 8
core id		: 2
cpu cores	: 4
apicid		: 4
initial apicid	: 4
fpu		: yes
fpu_exception	: yes
cpuid level	: 13
wp		: yes
flags		: fpu vme de pse tsc msr pae mce cx8 apic sep mtrr pge mca cmov pat pse36 clflush dts acpi mmx fxsr sse sse2 ss ht tm pbe syscall nx rdtscp lm constant_tsc arch_perfmon pebs bts rep_good nopl xtopology nonstop_tsc aperfmperf eagerfpu pni pclmulqdq dtes64 monitor ds_cpl vmx smx est tm2 ssse3 cx16 xtpr pdcm pcid sse4_1 sse4_2 x2apic popcnt tsc_deadline_timer aes xsave avx lahf_lm ida arat epb pln pts dtherm tpr_shadow vnmi flexpriority ept vpid xsaveopt
bugs		:
bogomips	: 6784.33
clflush size	: 64
cache_alignment	: 64
address sizes	: 36 bits physical, 48 bits virtual
power management:

processor	: 3
vendor_id	: GenuineIntel
cpu family	: 6
model		: 42
model name	: Intel(R) Core(TM) i7-2600 CPU @ 3.40GHz
stepping	: 7
microcode	: 0x23
cpu MHz		: 3505.718
cache size	: 8192 KB
physical id	: 0
siblings	: 8
core id		: 3
cpu cores	: 4
apicid		: 6
initial apicid	: 6
fpu		: yes
fpu_exception	: yes
cpuid level	: 13
wp		: yes
flags		: fpu vme de pse tsc msr pae mce cx8 apic sep mtrr pge mca cmov pat pse36 clflush dts acpi mmx fxsr sse sse2 ss ht tm pbe syscall nx rdtscp lm constant_tsc arch_perfmon pebs bts rep_good nopl xtopology nonstop_tsc aperfmperf eagerfpu pni pclmulqdq dtes64 monitor ds_cpl vmx smx est tm2 ssse3 cx16 xtpr pdcm pcid sse4_1 sse4_2 x2apic popcnt tsc_deadline_timer aes xsave avx lahf_lm ida arat epb pln pts dtherm tpr_shadow vnmi flexpriority ept vpid xsaveopt
bugs		:
bogomips	: 6784.33
clflush size	: 64
cache_alignment	: 64
address sizes	: 36 bits physical, 48 bits virtual
power management:

processor	: 4
vendor_id	: GenuineIntel
cpu family	: 6
model		: 42
model name	: Intel(R) Core(TM) i7-2600 CPU @ 3.40GHz
stepping	: 7
microcode	: 0x23
cpu MHz		: 3673.460
cache size	: 8192 KB
physical id	: 0
siblings	: 8
core id		: 0
cpu cores	: 4
apicid		: 1
initial apicid	: 1
fpu		: yes
fpu_exception	: yes
cpuid level	: 13
wp		: yes
flags		: fpu vme de pse tsc msr pae mce cx8 apic sep mtrr pge mca cmov pat pse36 clflush dts acpi mmx fxsr sse sse2 ss ht tm pbe syscall nx rdtscp lm constant_tsc arch_perfmon pebs bts rep_good nopl xtopology nonstop_tsc aperfmperf eagerfpu pni pclmulqdq dtes64 monitor ds_cpl vmx smx est tm2 ssse3 cx16 xtpr pdcm pcid sse4_1 sse4_2 x2apic popcnt tsc_deadline_timer aes xsave avx lahf_lm ida arat epb pln pts dtherm tpr_shadow vnmi flexpriority ept vpid xsaveopt
bugs		:
bogomips	: 6784.33
clflush size	: 64
cache_alignment	: 64
address sizes	: 36 bits physical, 48 bits virtual
power management:

processor	: 5
vendor_id	: GenuineIntel
cpu family	: 6
model		: 42
model name	: Intel(R) Core(TM) i7-2600 CPU @ 3.40GHz
stepping	: 7
microcode	: 0x23
cpu MHz		: 3510.632
cache size	: 8192 KB
physical id	: 0
siblings	: 8
core id		: 1
cpu cores	: 4
apicid		: 3
initial apicid	: 3
fpu		: yes
fpu_exception	: yes
cpuid level	: 13
wp		: yes
flags		: fpu vme de pse tsc msr pae mce cx8 apic sep mtrr pge mca cmov pat pse36 clflush dts acpi mmx fxsr sse sse2 ss ht tm pbe syscall nx rdtscp lm constant_tsc arch_perfmon pebs bts rep_good nopl xtopology nonstop_tsc aperfmperf eagerfpu pni pclmulqdq dtes64 monitor ds_cpl vmx smx est tm2 ssse3 cx16 xtpr pdcm pcid sse4_1 sse4_2 x2apic popcnt tsc_deadline_timer aes xsave avx lahf_lm ida arat epb pln pts dtherm tpr_shadow vnmi flexpriority ept vpid xsaveopt
bugs		:
bogomips	: 6784.33
clflush size	: 64
cache_alignment	: 64
address sizes	: 36 bits physical, 48 bits virtual
power management:

processor	: 6
vendor_id	: GenuineIntel
cpu family	: 6
model		: 42
model name	: Intel(R) Core(TM) i7-2600 CPU @ 3.40GHz
stepping	: 7
microcode	: 0x23
cpu MHz		: 3599.750
cache size	: 8192 KB
physical id	: 0
siblings	: 8
core id		: 2
cpu cores	: 4
apicid		: 5
initial apicid	: 5
fpu		: yes
fpu_exception	: yes
cpuid level	: 13
wp		: yes
flags		: fpu vme de pse tsc msr pae mce cx8 apic sep mtrr pge mca cmov pat pse36 clflush dts acpi mmx fxsr sse sse2 ss ht tm pbe syscall nx rdtscp lm constant_tsc arch_perfmon pebs bts rep_good nopl xtopology nonstop_tsc aperfmperf eagerfpu pni pclmulqdq dtes64 monitor ds_cpl vmx smx est tm2 ssse3 cx16 xtpr pdcm pcid sse4_1 sse4_2 x2apic popcnt tsc_deadline_timer aes xsave avx lahf_lm ida arat epb pln pts dtherm tpr_shadow vnmi flexpriority ept vpid xsaveopt
bugs		:
bogomips	: 6784.33
clflush size	: 64
cache_alignment	: 64
address sizes	: 36 bits physical, 48 bits virtual
power management:

processor	: 7
vendor_id	: GenuineIntel
cpu family	: 6
model		: 42
model name	: Intel(R) Core(TM) i7-2600 CPU @ 3.40GHz
stepping	: 7
microcode	: 0x23
cpu MHz		: 3612.898
cache size	: 8192 KB
physical id	: 0
siblings	: 8
core id		: 3
cpu cores	: 4
apicid		: 7
initial apicid	: 7
fpu		: yes
fpu_exception	: yes
cpuid level	: 13
wp		: yes
flags		: fpu vme de pse tsc msr pae mce cx8 apic sep mtrr pge mca cmov pat pse36 clflush dts acpi mmx fxsr sse sse2 ss ht tm pbe syscall nx rdtscp lm constant_tsc arch_perfmon pebs bts rep_good nopl xtopology nonstop_tsc aperfmperf eagerfpu pni pclmulqdq dtes64 monitor ds_cpl vmx smx est tm2 ssse3 cx16 xtpr pdcm pcid sse4_1 sse4_2 x2apic popcnt tsc_deadline_timer aes xsave avx lahf_lm ida arat epb pln pts dtherm tpr_shadow vnmi flexpriority ept vpid xsaveopt
bugs		:
bogomips	: 6784.33
clflush size	: 64
cache_alignment	: 64
address sizes	: 36 bits physical, 48 bits virtual
power management:



Memory: 4k page, physical 8052268k(3889212k free), swap 8265724k(8130128k free)

vm_info: OpenJDK 64-Bit Server VM (24.95-b01) for linux-amd64 JRE (1.7.0_101-b00), built on Apr 24 2016 20:39:29 by "buildd" with gcc 4.8.2

time: Wed Aug 10 16:36:43 2016
elapsed time: 3536 seconds

